<?xml version="1.0" encoding="UTF-8"?>
<!-- Generated by org.testng.reporters.JUnitXMLReporter -->
<testsuite hostname="DESKTOP-UDJ5PR4" name="test" tests="381" failures="75" timestamp="12 Dec 2019 08:41:00 GMT" time="5721.033" errors="0">
  <testcase name="testRegister" time="26.0" classname="jiaweiwen.register"/>
  <testcase name="testRegister" time="23.72" classname="jiaweiwen.register"/>
  <testcase name="testRegister" time="23.663" classname="jiaweiwen.register"/>
  <testcase name="testRegister" time="23.61" classname="jiaweiwen.register"/>
  <testcase name="testRegister" time="23.509" classname="jiaweiwen.register"/>
  <testcase name="testRegister" time="23.645" classname="jiaweiwen.register"/>
  <testcase name="testRegister" time="23.733" classname="jiaweiwen.register"/>
  <testcase name="testRegister" time="23.958" classname="jiaweiwen.register"/>
  <testcase name="testRegister" time="24.029" classname="jiaweiwen.register"/>
  <testcase name="testRegisterByPhoneSuccess" time="20.642" classname="jiaweiwen.register"/>
  <testcase name="testRegisterByPhoneSuccess" time="20.632" classname="jiaweiwen.register">
    <failure type="java.lang.AssertionError" message="expected [true] but found [false]">
      <![CDATA[java.lang.AssertionError: expected [true] but found [false]
	at jiaweiwen.register.testRegisterByPhoneSuccess(register.java:66)
... Removed 28 stack frames]]>
    </failure>
  </testcase> <!-- testRegisterByPhoneSuccess -->
  <testcase name="testRegisterByPhoneSuccess" time="20.724" classname="jiaweiwen.register"/>
  <testcase name="testRegisterByPhoneSuccess" time="20.582" classname="jiaweiwen.register">
    <failure type="java.lang.AssertionError" message="expected [true] but found [false]">
      <![CDATA[java.lang.AssertionError: expected [true] but found [false]
	at jiaweiwen.register.testRegisterByPhoneSuccess(register.java:66)
... Removed 28 stack frames]]>
    </failure>
  </testcase> <!-- testRegisterByPhoneSuccess -->
  <testcase name="testRegisterByPhoneSuccess" time="20.727" classname="jiaweiwen.register"/>
  <testcase name="testRegisterByPhoneSuccess" time="20.632" classname="jiaweiwen.register"/>
  <testcase name="testRegisterByPhoneSuccess" time="20.621" classname="jiaweiwen.register"/>
  <testcase name="testRegisterByPhoneSuccess" time="20.703" classname="jiaweiwen.register"/>
  <testcase name="testRegisterByPhoneSuccess" time="20.639" classname="jiaweiwen.register"/>
  <testcase name="testRegisterByPhoneSuccess" time="20.612" classname="jiaweiwen.register">
    <failure type="java.lang.AssertionError" message="expected [true] but found [false]">
      <![CDATA[java.lang.AssertionError: expected [true] but found [false]
	at jiaweiwen.register.testRegisterByPhoneSuccess(register.java:66)
... Removed 28 stack frames]]>
    </failure>
  </testcase> <!-- testRegisterByPhoneSuccess -->
  <testcase name="testRegisterByPhoneSuccess" time="206.713" classname="jiaweiwen.register">
    <failure type="org.testng.TestNGException" message="
The data provider is trying to pass 3 parameters but the method jiaweiwen.register#testRegisterByPhoneSuccess takes 4 and TestNG is unable in inject a suitable object">
      <![CDATA[org.testng.TestNGException: 
The data provider is trying to pass 3 parameters but the method jiaweiwen.register#testRegisterByPhoneSuccess takes 4 and TestNG is unable in inject a suitable object
Caused by: java.lang.ArrayIndexOutOfBoundsException: 3
	... 17 more
... Removed 19 stack frames]]>
    </failure>
  </testcase> <!-- testRegisterByPhoneSuccess -->
  <testcase name="testLogin" time="22.555" classname="jiaweiwen.login"/>
  <testcase name="testLogin" time="14.584" classname="jiaweiwen.login"/>
  <testcase name="testLogin" time="14.458" classname="jiaweiwen.login"/>
  <testcase name="testLogin" time="14.314" classname="jiaweiwen.login"/>
  <testcase name="testLogin" time="14.375" classname="jiaweiwen.login"/>
  <testcase name="testLogin" time="14.411" classname="jiaweiwen.login">
    <failure type="java.lang.AssertionError" message="expected [true] but found [false]">
      <![CDATA[java.lang.AssertionError: expected [true] but found [false]
	at jiaweiwen.login.testLogin(login.java:46)
... Removed 28 stack frames]]>
    </failure>
  </testcase> <!-- testLogin -->
  <testcase name="testLogin" time="14.224" classname="jiaweiwen.login"/>
  <testcase name="testLogin" time="16.591" classname="jiaweiwen.login"/>
  <testcase name="testLogin" time="14.313" classname="jiaweiwen.login">
    <failure type="java.lang.AssertionError" message="expected [true] but found [false]">
      <![CDATA[java.lang.AssertionError: expected [true] but found [false]
	at jiaweiwen.login.testLogin(login.java:46)
... Removed 28 stack frames]]>
    </failure>
  </testcase> <!-- testLogin -->
  <testcase name="testLogin" time="14.165" classname="jiaweiwen.login"/>
  <testcase name="testLogin" time="14.314" classname="jiaweiwen.login"/>
  <testcase name="testLogin" time="14.362" classname="jiaweiwen.login"/>
  <testcase name="operation_toolsSuccess" time="24.211" classname="jiaweiwen.operation_tools"/>
  <testcase name="operation_toolsSuccess11" time="14.973" classname="jiaweiwen.operation_tools"/>
  <testcase name="operation_toolsSuccess2" time="21.338" classname="jiaweiwen.operation_tools"/>
  <testcase name="operation_toolsSuccess3" time="11.551" classname="jiaweiwen.operation_tools"/>
  <testcase name="operation_toolsSuccess5" time="16.355" classname="jiaweiwen.operation_tools"/>
  <testcase name="operation_toolsSuccess6" time="23.922" classname="jiaweiwen.operation_tools"/>
  <testcase name="operation_toolsSuccess7" time="23.779" classname="jiaweiwen.operation_tools"/>
  <testcase name="operation_toolsSuccess8" time="23.136" classname="jiaweiwen.operation_tools"/>
  <testcase name="operation_toolsSuccess9" time="14.996" classname="jiaweiwen.operation_tools"/>
  <testcase name="testusercenterSuccess" time="27.462" classname="jiaweiwen.usercenter"/>
  <testcase name="testusercenterSuccess2" time="3.827" classname="jiaweiwen.usercenter"/>
  <testcase name="testusercenterSuccess3" time="3.731" classname="jiaweiwen.usercenter"/>
  <testcase name="testusercenterSuccess4" time="3.782" classname="jiaweiwen.usercenter"/>
  <testcase name="testusercenterSuccess5" time="3.637" classname="jiaweiwen.usercenter"/>
  <testcase name="testusercenterSuccess6" time="4.06" classname="jiaweiwen.usercenter"/>
  <testcase name="testusercenterSuccess7" time="3.739" classname="jiaweiwen.usercenter"/>
  <testcase name="testusercenterSuccess8" time="7.649" classname="jiaweiwen.usercenter"/>
  <testcase name="testusercenterSuccess9" time="7.055" classname="jiaweiwen.usercenter"/>
  <testcase name="changeName" time="4.497" classname="lishaohan.L_Login"/>
  <testcase name="changeName" time="4.466" classname="lishaohan.L_Login"/>
  <testcase name="changeName" time="4.467" classname="lishaohan.L_Login"/>
  <testcase name="changeName" time="4.487" classname="lishaohan.L_Login"/>
  <testcase name="changeName" time="4.47" classname="lishaohan.L_Login"/>
  <testcase name="changeName" time="4.455" classname="lishaohan.L_Login"/>
  <testcase name="changeName" time="4.492" classname="lishaohan.L_Login"/>
  <testcase name="changeName" time="4.498" classname="lishaohan.L_Login"/>
  <testcase name="changeName" time="4.444" classname="lishaohan.L_Login"/>
  <testcase name="changeName" time="4.476" classname="lishaohan.L_Login"/>
  <testcase name="changeName" time="4.482" classname="lishaohan.L_Login"/>
  <testcase name="changeName" time="4.49" classname="lishaohan.L_Login">
    <failure type="java.lang.AssertionError" message="expected [true] but found [false]">
      <![CDATA[java.lang.AssertionError: expected [true] but found [false]
	at lishaohan.L_Login.changeName(L_Login.java:78)
... Removed 28 stack frames]]>
    </failure>
  </testcase> <!-- changeName -->
  <testcase name="changeName" time="4.454" classname="lishaohan.L_Login"/>
  <testcase name="changeName" time="4.485" classname="lishaohan.L_Login">
    <failure type="java.lang.AssertionError" message="expected [true] but found [false]">
      <![CDATA[java.lang.AssertionError: expected [true] but found [false]
	at lishaohan.L_Login.changeName(L_Login.java:78)
... Removed 28 stack frames]]>
    </failure>
  </testcase> <!-- changeName -->
  <testcase name="changeName" time="4.452" classname="lishaohan.L_Login"/>
  <testcase name="changeName" time="4.463" classname="lishaohan.L_Login"/>
  <testcase name="changeSex" time="6.371" classname="lishaohan.L_Login"/>
  <testcase name="changePalce" time="9.185" classname="lishaohan.L_Login"/>
  <testcase name="sign" time="7.474" classname="lishaohan.L_Login"/>
  <testcase name="person" time="15.395" classname="lishaohan.L_Login"/>
  <testcase name="person" time="15.384" classname="lishaohan.L_Login"/>
  <testcase name="person" time="15.298" classname="lishaohan.L_Login"/>
  <testcase name="person" time="15.194" classname="lishaohan.L_Login"/>
  <testcase name="person" time="15.262" classname="lishaohan.L_Login"/>
  <testcase name="person" time="15.174" classname="lishaohan.L_Login"/>
  <testcase name="person" time="15.276" classname="lishaohan.L_Login"/>
  <testcase name="person" time="15.28" classname="lishaohan.L_Login"/>
  <testcase name="person" time="15.108" classname="lishaohan.L_Login"/>
  <testcase name="person" time="15.295" classname="lishaohan.L_Login"/>
  <testcase name="person" time="15.17" classname="lishaohan.L_Login"/>
  <testcase name="person" time="15.23" classname="lishaohan.L_Login"/>
  <testcase name="person" time="15.174" classname="lishaohan.L_Login"/>
  <testcase name="person" time="15.107" classname="lishaohan.L_Login"/>
  <testcase name="person" time="15.15" classname="lishaohan.L_Login"/>
  <testcase name="person" time="15.127" classname="lishaohan.L_Login"/>
  <testcase name="person3" time="20.526" classname="lishaohan.L_Login">
    <failure type="java.lang.AssertionError" message="expected [true] but found [false]">
      <![CDATA[java.lang.AssertionError: expected [true] but found [false]
	at lishaohan.L_Login.person3(L_Login.java:193)
... Removed 28 stack frames]]>
    </failure>
  </testcase> <!-- person3 -->
  <testcase name="urlName" time="7.368" classname="lishaohan.L_Login"/>
  <testcase name="urlName" time="5.05" classname="lishaohan.L_Login"/>
  <testcase name="urlName" time="5.041" classname="lishaohan.L_Login"/>
  <testcase name="urlName" time="5.04" classname="lishaohan.L_Login">
    <failure type="java.lang.AssertionError" message="expected [true] but found [false]">
      <![CDATA[java.lang.AssertionError: expected [true] but found [false]
	at lishaohan.L_Login.urlName(L_Login.java:204)
... Removed 28 stack frames]]>
    </failure>
  </testcase> <!-- urlName -->
  <testcase name="urlName" time="5.028" classname="lishaohan.L_Login"/>
  <testcase name="urlName" time="5.099" classname="lishaohan.L_Login"/>
  <testcase name="urlName" time="5.0" classname="lishaohan.L_Login"/>
  <testcase name="urlName" time="5.025" classname="lishaohan.L_Login"/>
  <testcase name="tag" time="5.432" classname="lishaohan.L_Login"/>
  <testcase name="pic" time="3.106" classname="lishaohan.L_Login">
    <failure type="java.lang.AssertionError" message="expected [true] but found [false]">
      <![CDATA[java.lang.AssertionError: expected [true] but found [false]
	at lishaohan.L_Login.pic(L_Login.java:223)
... Removed 28 stack frames]]>
    </failure>
  </testcase> <!-- pic -->
  <testcase name="psw" time="3.321" classname="lishaohan.L_Login"/>
  <testcase name="psw" time="3.233" classname="lishaohan.L_Login">
    <failure type="java.lang.AssertionError" message="expected [true] but found [false]">
      <![CDATA[java.lang.AssertionError: expected [true] but found [false]
	at lishaohan.L_Login.psw(L_Login.java:233)
... Removed 28 stack frames]]>
    </failure>
  </testcase> <!-- psw -->
  <testcase name="psw" time="3.281" classname="lishaohan.L_Login">
    <failure type="java.lang.AssertionError" message="expected [true] but found [false]">
      <![CDATA[java.lang.AssertionError: expected [true] but found [false]
	at lishaohan.L_Login.psw(L_Login.java:233)
... Removed 28 stack frames]]>
    </failure>
  </testcase> <!-- psw -->
  <testcase name="psw" time="3.468" classname="lishaohan.L_Login"/>
  <testcase name="psw" time="3.651" classname="lishaohan.L_Login"/>
  <testcase name="psw" time="3.026" classname="lishaohan.L_Login"/>
  <testcase name="psw" time="3.053" classname="lishaohan.L_Login"/>
  <testcase name="psw" time="2.997" classname="lishaohan.L_Login"/>
  <testcase name="psw" time="3.011" classname="lishaohan.L_Login"/>
  <testcase name="psw" time="3.068" classname="lishaohan.L_Login">
    <failure type="java.lang.AssertionError" message="expected [true] but found [false]">
      <![CDATA[java.lang.AssertionError: expected [true] but found [false]
	at lishaohan.L_Login.psw(L_Login.java:233)
... Removed 28 stack frames]]>
    </failure>
  </testcase> <!-- psw -->
  <testcase name="psw" time="3.063" classname="lishaohan.L_Login">
    <failure type="java.lang.AssertionError" message="expected [true] but found [false]">
      <![CDATA[java.lang.AssertionError: expected [true] but found [false]
	at lishaohan.L_Login.psw(L_Login.java:233)
... Removed 28 stack frames]]>
    </failure>
  </testcase> <!-- psw -->
  <testcase name="psw" time="3.031" classname="lishaohan.L_Login"/>
  <testcase name="psw" time="2.973" classname="lishaohan.L_Login"/>
  <testcase name="psw" time="3.02" classname="lishaohan.L_Login"/>
  <testcase name="psw" time="3.056" classname="lishaohan.L_Login"/>
  <testcase name="psw" time="3.074" classname="lishaohan.L_Login"/>
  <testcase name="psw" time="3.086" classname="lishaohan.L_Login"/>
  <testcase name="psw" time="3.139" classname="lishaohan.L_Login"/>
  <testcase name="psw" time="3.091" classname="lishaohan.L_Login"/>
  <testcase name="psw" time="3.137" classname="lishaohan.L_Login">
    <failure type="java.lang.AssertionError" message="expected [true] but found [false]">
      <![CDATA[java.lang.AssertionError: expected [true] but found [false]
	at lishaohan.L_Login.psw(L_Login.java:233)
... Removed 27 stack frames]]>
    </failure>
  </testcase> <!-- psw -->
  <testcase name="psw" time="3.131" classname="lishaohan.L_Login">
    <failure type="java.lang.AssertionError" message="expected [true] but found [false]">
      <![CDATA[java.lang.AssertionError: expected [true] but found [false]
	at lishaohan.L_Login.psw(L_Login.java:233)
... Removed 27 stack frames]]>
    </failure>
  </testcase> <!-- psw -->
  <testcase name="psw" time="3.121" classname="lishaohan.L_Login">
    <failure type="java.lang.AssertionError" message="expected [true] but found [false]">
      <![CDATA[java.lang.AssertionError: expected [true] but found [false]
	at lishaohan.L_Login.psw(L_Login.java:233)
... Removed 27 stack frames]]>
    </failure>
  </testcase> <!-- psw -->
  <testcase name="psw" time="3.025" classname="lishaohan.L_Login"/>
  <testcase name="watch" time="15.703" classname="lishaohan.L_Login"/>
  <testcase name="FindByContent" time="6.557" classname="fengrao.Demo1"/>
  <testcase name="FindByContent1" time="5.973" classname="fengrao.Demo1"/>
  <testcase name="FindBytitle1" time="8.886" classname="fengrao.Demo1"/>
  <testcase name="FindBytitle2" time="8.117" classname="fengrao.Demo1"/>
  <testcase name="FindPeopleByAddress1" time="21.756" classname="fengrao.Demo1"/>
  <testcase name="FindPeopleByAddress2" time="20.655" classname="fengrao.Demo1"/>
  <testcase name="FindPeopleByName1" time="6.784" classname="fengrao.Demo1"/>
  <testcase name="FindPeopleByName2" time="6.759" classname="fengrao.Demo1"/>
  <testcase name="FindPeopleByName3" time="6.811" classname="fengrao.Demo1"/>
  <testcase name="FindPeopleByStatus1" time="7.794" classname="fengrao.Demo1"/>
  <testcase name="FindPeopleByStatus2" time="4.024" classname="fengrao.Demo1"/>
  <testcase name="FindPeopleByStatus3" time="7.744" classname="fengrao.Demo1"/>
  <testcase name="HandlePeople1" time="13.522" classname="fengrao.Demo1"/>
  <testcase name="HandlePeople1" time="13.294" classname="fengrao.Demo1"/>
  <testcase name="HandlePeople1" time="13.432" classname="fengrao.Demo1"/>
  <testcase name="HandlePeople2" time="15.328" classname="fengrao.Demo1"/>
  <testcase name="HandlePeople2" time="15.456" classname="fengrao.Demo1"/>
  <testcase name="HandlePeople2" time="15.654" classname="fengrao.Demo1"/>
  <testcase name="HandlePeople3" time="24.117" classname="fengrao.Demo1">
    <failure type="java.lang.AssertionError" message="expected [true] but found [false]">
      <![CDATA[java.lang.AssertionError: expected [true] but found [false]
	at fengrao.Demo1.HandlePeople3(Demo1.java:165)
... Removed 28 stack frames]]>
    </failure>
  </testcase> <!-- HandlePeople3 -->
  <testcase name="HandlePeople4" time="20.977" classname="fengrao.Demo1">
    <failure type="java.lang.AssertionError" message="expected [true] but found [false]">
      <![CDATA[java.lang.AssertionError: expected [true] but found [false]
	at fengrao.Demo1.HandlePeople4(Demo1.java:195)
... Removed 28 stack frames]]>
    </failure>
  </testcase> <!-- HandlePeople4 -->
  <testcase name="HandlePeople5" time="16.219" classname="fengrao.Demo1"/>
  <testcase name="test1" time="7.581" classname="fengrao.Demo1"/>
  <testcase name="test10" time="7.472" classname="fengrao.Demo1"/>
  <testcase name="test2" time="7.486" classname="fengrao.Demo1"/>
  <testcase name="test4" time="9.136" classname="fengrao.Demo1"/>
  <testcase name="test5" time="5.91" classname="fengrao.Demo1">
    <failure type="org.openqa.selenium.ElementNotInteractableException" message="Element &amp;lt;a id=&amp;quot;btn_prev&amp;quot; href=&amp;quot;javascript:;&amp;quot;&amp;gt; could not be scrolled into view
Build info: version: &amp;apos;3.141.59&amp;apos;, revision: &amp;apos;e82be7d358&amp;apos;, time: &amp;apos;2018-11-14T08:25:53&amp;apos;
System info: host: &amp;apos;DESKTOP-UDJ5PR4&amp;apos;, ip: &amp;apos;169.254.170.10&amp;apos;, os.name: &amp;apos;Windows 10&amp;apos;, os.arch: &amp;apos;amd64&amp;apos;, os.version: &amp;apos;10.0&amp;apos;, java.version: &amp;apos;1.8.0_73&amp;apos;
Driver info: org.openqa.selenium.firefox.FirefoxDriver
Capabilities {acceptInsecureCerts: true, browserName: firefox, browserVersion: 65.0.2, javascriptEnabled: true, moz:accessibilityChecks: false, moz:geckodriverVersion: 0.24.0, moz:headless: false, moz:processID: 508, moz:profile: C:\Users\dell\AppData\Local..., moz:shutdownTimeout: 60000, moz:useNonSpecCompliantPointerOrigin: false, moz:webdriverClick: true, pageLoadStrategy: normal, platform: WINDOWS, platformName: WINDOWS, platformVersion: 10.0, rotatable: false, setWindowRect: true, strictFileInteractability: false, timeouts: {implicit: 0, pageLoad: 300000, script: 30000}, unhandledPromptBehavior: dismiss and notify}
Session ID: 511a8d68-b418-4d7e-b273-77c8d52c2161">
      <![CDATA[org.openqa.selenium.ElementNotInteractableException: Element <a id="btn_prev" href="javascript:;"> could not be scrolled into view
Build info: version: '3.141.59', revision: 'e82be7d358', time: '2018-11-14T08:25:53'
System info: host: 'DESKTOP-UDJ5PR4', ip: '169.254.170.10', os.name: 'Windows 10', os.arch: 'amd64', os.version: '10.0', java.version: '1.8.0_73'
Driver info: org.openqa.selenium.firefox.FirefoxDriver
Capabilities {acceptInsecureCerts: true, browserName: firefox, browserVersion: 65.0.2, javascriptEnabled: true, moz:accessibilityChecks: false, moz:geckodriverVersion: 0.24.0, moz:headless: false, moz:processID: 508, moz:profile: C:\Users\dell\AppData\Local..., moz:shutdownTimeout: 60000, moz:useNonSpecCompliantPointerOrigin: false, moz:webdriverClick: true, pageLoadStrategy: normal, platform: WINDOWS, platformName: WINDOWS, platformVersion: 10.0, rotatable: false, setWindowRect: true, strictFileInteractability: false, timeouts: {implicit: 0, pageLoad: 300000, script: 30000}, unhandledPromptBehavior: dismiss and notify}
Session ID: 511a8d68-b418-4d7e-b273-77c8d52c2161
	at org.openqa.selenium.remote.http.W3CHttpResponseCodec.createException(W3CHttpResponseCodec.java:187)
	at org.openqa.selenium.remote.http.W3CHttpResponseCodec.decode(W3CHttpResponseCodec.java:122)
	at org.openqa.selenium.remote.http.W3CHttpResponseCodec.decode(W3CHttpResponseCodec.java:49)
	at org.openqa.selenium.remote.HttpCommandExecutor.execute(HttpCommandExecutor.java:158)
	at org.openqa.selenium.remote.service.DriverCommandExecutor.execute(DriverCommandExecutor.java:83)
	at org.openqa.selenium.remote.RemoteWebDriver.execute(RemoteWebDriver.java:552)
	at org.openqa.selenium.remote.RemoteWebElement.execute(RemoteWebElement.java:285)
	at org.openqa.selenium.remote.RemoteWebElement.click(RemoteWebElement.java:84)
	at com.webtest.core.WebDriverEngine.click(WebDriverEngine.java:140)
	at fengrao.Demo1.test5(Demo1.java:321)
... Removed 28 stack frames]]>
    </failure>
  </testcase> <!-- test5 -->
  <testcase name="test6" time="5.892" classname="fengrao.Demo1"/>
  <testcase name="test6" time="5.961" classname="fengrao.Demo1"/>
  <testcase name="test6" time="6.025" classname="fengrao.Demo1">
    <failure type="java.lang.AssertionError" message="expected [true] but found [false]">
      <![CDATA[java.lang.AssertionError: expected [true] but found [false]
	at fengrao.Demo1.test6(Demo1.java:331)
... Removed 28 stack frames]]>
    </failure>
  </testcase> <!-- test6 -->
  <testcase name="test7" time="15.709" classname="fengrao.Demo1"/>
  <testcase name="test8" time="13.002" classname="fengrao.Demo1"/>
  <testcase name="test9" time="13.133" classname="fengrao.Demo1">
    <failure type="java.lang.AssertionError" message="expected [true] but found [false]">
      <![CDATA[java.lang.AssertionError: expected [true] but found [false]
	at fengrao.Demo1.test9(Demo1.java:378)
... Removed 28 stack frames]]>
    </failure>
  </testcase> <!-- test9 -->
  <testcase name="test1" time="6.293" classname="fengrao.Demo2"/>
  <testcase name="test2" time="6.362" classname="fengrao.Demo2"/>
  <testcase name="test3" time="14.969" classname="fengrao.Demo2"/>
  <testcase name="test3" time="15.005" classname="fengrao.Demo2"/>
  <testcase name="test3" time="15.083" classname="fengrao.Demo2"/>
  <testcase name="test3" time="15.095" classname="fengrao.Demo2"/>
  <testcase name="test3" time="15.007" classname="fengrao.Demo2"/>
  <testcase name="test4" time="23.529" classname="fengrao.Demo2"/>
  <testcase name="test5" time="13.684" classname="fengrao.Demo2"/>
  <testcase name="test5" time="13.517" classname="fengrao.Demo2"/>
  <testcase name="test5" time="13.662" classname="fengrao.Demo2">
    <failure type="java.lang.AssertionError" message="expected [true] but found [false]">
      <![CDATA[java.lang.AssertionError: expected [true] but found [false]
	at fengrao.Demo2.test5(Demo2.java:111)
... Removed 28 stack frames]]>
    </failure>
  </testcase> <!-- test5 -->
  <testcase name="test5" time="13.634" classname="fengrao.Demo2"/>
  <testcase name="test5" time="13.579" classname="fengrao.Demo2"/>
  <testcase name="test51" time="11.592" classname="fengrao.Demo2"/>
  <testcase name="test52" time="10.423" classname="fengrao.Demo2"/>
  <testcase name="test7" time="9.717" classname="fengrao.Demo2"/>
  <testcase name="test8" time="13.128" classname="fengrao.Demo2"/>
  <testcase name="test9" time="9.705" classname="fengrao.Demo2"/>
  <testcase name="CancelPoints" time="11.34" classname="liziran.Demo1">
    <failure type="java.lang.AssertionError" message="expected [true] but found [false]">
      <![CDATA[java.lang.AssertionError: expected [true] but found [false]
	at liziran.Demo1.CancelPoints(Demo1.java:197)
... Removed 28 stack frames]]>
    </failure>
  </testcase> <!-- CancelPoints -->
  <testcase name="Collection" time="8.572" classname="liziran.Demo1"/>
  <testcase name="DeletePosts" time="12.329" classname="liziran.Demo1">
    <failure type="org.openqa.selenium.NoAlertPresentException" message="
Build info: version: &amp;apos;3.141.59&amp;apos;, revision: &amp;apos;e82be7d358&amp;apos;, time: &amp;apos;2018-11-14T08:25:53&amp;apos;
System info: host: &amp;apos;DESKTOP-UDJ5PR4&amp;apos;, ip: &amp;apos;169.254.170.10&amp;apos;, os.name: &amp;apos;Windows 10&amp;apos;, os.arch: &amp;apos;amd64&amp;apos;, os.version: &amp;apos;10.0&amp;apos;, java.version: &amp;apos;1.8.0_73&amp;apos;
Driver info: org.openqa.selenium.firefox.FirefoxDriver
Capabilities {acceptInsecureCerts: true, browserName: firefox, browserVersion: 65.0.2, javascriptEnabled: true, moz:accessibilityChecks: false, moz:geckodriverVersion: 0.24.0, moz:headless: false, moz:processID: 19372, moz:profile: C:\Users\dell\AppData\Local..., moz:shutdownTimeout: 60000, moz:useNonSpecCompliantPointerOrigin: false, moz:webdriverClick: true, pageLoadStrategy: normal, platform: WINDOWS, platformName: WINDOWS, platformVersion: 10.0, rotatable: false, setWindowRect: true, strictFileInteractability: false, timeouts: {implicit: 0, pageLoad: 300000, script: 30000}, unhandledPromptBehavior: dismiss and notify}
Session ID: 7d5829e6-fc5c-4e7e-8b26-a9a80e9f8ae9">
      <![CDATA[org.openqa.selenium.NoAlertPresentException: 
Build info: version: '3.141.59', revision: 'e82be7d358', time: '2018-11-14T08:25:53'
System info: host: 'DESKTOP-UDJ5PR4', ip: '169.254.170.10', os.name: 'Windows 10', os.arch: 'amd64', os.version: '10.0', java.version: '1.8.0_73'
Driver info: org.openqa.selenium.firefox.FirefoxDriver
Capabilities {acceptInsecureCerts: true, browserName: firefox, browserVersion: 65.0.2, javascriptEnabled: true, moz:accessibilityChecks: false, moz:geckodriverVersion: 0.24.0, moz:headless: false, moz:processID: 19372, moz:profile: C:\Users\dell\AppData\Local..., moz:shutdownTimeout: 60000, moz:useNonSpecCompliantPointerOrigin: false, moz:webdriverClick: true, pageLoadStrategy: normal, platform: WINDOWS, platformName: WINDOWS, platformVersion: 10.0, rotatable: false, setWindowRect: true, strictFileInteractability: false, timeouts: {implicit: 0, pageLoad: 300000, script: 30000}, unhandledPromptBehavior: dismiss and notify}
Session ID: 7d5829e6-fc5c-4e7e-8b26-a9a80e9f8ae9
	at org.openqa.selenium.remote.http.W3CHttpResponseCodec.createException(W3CHttpResponseCodec.java:187)
	at org.openqa.selenium.remote.http.W3CHttpResponseCodec.decode(W3CHttpResponseCodec.java:122)
	at org.openqa.selenium.remote.http.W3CHttpResponseCodec.decode(W3CHttpResponseCodec.java:49)
	at org.openqa.selenium.remote.HttpCommandExecutor.execute(HttpCommandExecutor.java:158)
	at org.openqa.selenium.remote.service.DriverCommandExecutor.execute(DriverCommandExecutor.java:83)
	at org.openqa.selenium.remote.RemoteWebDriver.execute(RemoteWebDriver.java:552)
	at org.openqa.selenium.remote.RemoteWebDriver.execute(RemoteWebDriver.java:609)
	at org.openqa.selenium.remote.RemoteWebDriver$RemoteTargetLocator.alert(RemoteWebDriver.java:932)
	at com.webtest.core.WebDriverEngine.getAlert(WebDriverEngine.java:218)
	at com.webtest.core.WebDriverEngine.alertAccept(WebDriverEngine.java:227)
	at liziran.Demo1.DeletePosts(Demo1.java:274)
... Removed 28 stack frames]]>
    </failure>
  </testcase> <!-- DeletePosts -->
  <testcase name="FindAllReply" time="7.942" classname="liziran.Demo1"/>
  <testcase name="FindAllsections1" time="12.135" classname="liziran.Demo1"/>
  <testcase name="FindAllsections2" time="11.75" classname="liziran.Demo1"/>
  <testcase name="FindData" time="14.201" classname="liziran.Demo1"/>
  <testcase name="FindFans" time="14.277" classname="liziran.Demo1"/>
  <testcase name="FindInvitationByName1" time="4.119" classname="liziran.Demo1"/>
  <testcase name="FindInvitationByName2" time="8.334" classname="liziran.Demo1"/>
  <testcase name="FindMember" time="11.357" classname="liziran.Demo1"/>
  <testcase name="FindPublishInvitation" time="7.683" classname="liziran.Demo1">
    <failure type="java.lang.AssertionError" message="expected [true] but found [false]">
      <![CDATA[java.lang.AssertionError: expected [true] but found [false]
	at liziran.Demo1.FindPublishInvitation(Demo1.java:142)
... Removed 28 stack frames]]>
    </failure>
  </testcase> <!-- FindPublishInvitation -->
  <testcase name="FindTitle" time="13.769" classname="liziran.Demo1"/>
  <testcase name="FindTopics" time="13.741" classname="liziran.Demo1"/>
  <testcase name="FindTopics1" time="11.685" classname="liziran.Demo1"/>
  <testcase name="GivePoints" time="10.315" classname="liziran.Demo1">
    <failure type="java.lang.AssertionError" message="expected [true] but found [false]">
      <![CDATA[java.lang.AssertionError: expected [true] but found [false]
	at liziran.Demo1.GivePoints(Demo1.java:189)
... Removed 28 stack frames]]>
    </failure>
  </testcase> <!-- GivePoints -->
  <testcase name="LookAroundInvitation1" time="12.135" classname="liziran.Demo1"/>
  <testcase name="LookAroundInvitation2" time="11.159" classname="liziran.Demo1"/>
  <testcase name="LookAroundInvitation3" time="10.892" classname="liziran.Demo1"/>
  <testcase name="Reversion" time="13.582" classname="liziran.Demo1">
    <failure type="java.lang.AssertionError" message="expected [true] but found [false]">
      <![CDATA[java.lang.AssertionError: expected [true] but found [false]
	at liziran.Demo1.Reversion(Demo1.java:178)
... Removed 28 stack frames]]>
    </failure>
  </testcase> <!-- Reversion -->
  <testcase name="Sort1" time="21.459" classname="liziran.Demo1"/>
  <testcase name="Sort2" time="19.244" classname="liziran.Demo1"/>
  <testcase name="StationSharing" time="20.762" classname="liziran.Demo1"/>
  <testcase name="test5" time="5.195" classname="liziran.Demo1"/>
  <testcase name="test5" time="5.211" classname="liziran.Demo1"/>
  <testcase name="test5" time="5.04" classname="liziran.Demo1"/>
  <testcase name="test5" time="5.092" classname="liziran.Demo1"/>
  <testcase name="test5" time="5.087" classname="liziran.Demo1"/>
  <testcase name="test5" time="4.968" classname="liziran.Demo1"/>
  <testcase name="test5" time="5.098" classname="liziran.Demo1"/>
  <testcase name="test5" time="5.045" classname="liziran.Demo1"/>
  <testcase name="test5" time="5.077" classname="liziran.Demo1"/>
  <testcase name="test5" time="5.08" classname="liziran.Demo1"/>
  <testcase name="test5" time="5.037" classname="liziran.Demo1"/>
  <testcase name="test5" time="4.983" classname="liziran.Demo1"/>
  <testcase name="zClick1" time="12.307" classname="liziran.Demo1"/>
  <testcase name="zClick2" time="12.211" classname="liziran.Demo1"/>
  <testcase name="zClick3" time="13.314" classname="liziran.Demo1"/>
  <testcase name="zClick4" time="12.209" classname="liziran.Demo1">
    <failure type="java.lang.IllegalArgumentException" message="Must provide a location for a move action.">
      <![CDATA[java.lang.IllegalArgumentException: Must provide a location for a move action.
	at org.openqa.selenium.interactions.MoveMouseAction.<init>(MoveMouseAction.java:37)
	at org.openqa.selenium.interactions.Actions.moveToElement(Actions.java:386)
	at com.webtest.core.WebDriverEngine.mouseoverElement(WebDriverEngine.java:265)
	at liziran.Demo1.zClick4(Demo1.java:341)
... Removed 24 stack frames]]>
    </failure>
  </testcase> <!-- zClick4 -->
  <testcase name="ztest1" time="14.515" classname="liziran.Demo1"/>
  <testcase name="ztest2" time="14.261" classname="liziran.Demo1"/>
  <testcase name="ztest3" time="11.239" classname="liziran.Demo1">
    <failure type="java.lang.AssertionError" message="expected [true] but found [false]">
      <![CDATA[java.lang.AssertionError: expected [true] but found [false]
	at liziran.Demo1.ztest3(Demo1.java:332)
... Removed 28 stack frames]]>
    </failure>
  </testcase> <!-- ztest3 -->
  <testcase name="test5" time="8.397" classname="liziran.Demo2"/>
  <testcase name="test5" time="8.425" classname="liziran.Demo2"/>
  <testcase name="test5" time="8.331" classname="liziran.Demo2">
    <failure type="java.lang.AssertionError" message="expected [true] but found [false]">
      <![CDATA[java.lang.AssertionError: expected [true] but found [false]
	at liziran.Demo2.test5(Demo2.java:52)
... Removed 28 stack frames]]>
    </failure>
  </testcase> <!-- test5 -->
  <testcase name="test5" time="8.354" classname="liziran.Demo2"/>
  <testcase name="test5" time="8.389" classname="liziran.Demo2"/>
  <testcase name="test41" time="6.929" classname="liziran.Demo3"/>
  <testcase name="test42" time="14.918" classname="liziran.Demo3"/>
  <testcase name="test43" time="21.984" classname="liziran.Demo3"/>
  <testcase name="ChangeSignature" time="20.658" classname="zhaoruoxi.Demo"/>
  <testcase name="ChangeSignature" time="20.555" classname="zhaoruoxi.Demo"/>
  <testcase name="ChangeSignature" time="20.622" classname="zhaoruoxi.Demo"/>
  <testcase name="ChangeSignature" time="20.596" classname="zhaoruoxi.Demo"/>
  <testcase name="ChangeSignature" time="20.765" classname="zhaoruoxi.Demo"/>
  <testcase name="ChangeSignature" time="20.68" classname="zhaoruoxi.Demo"/>
  <testcase name="ChangeSignature" time="20.561" classname="zhaoruoxi.Demo"/>
  <testcase name="ChangeSignature" time="20.408" classname="zhaoruoxi.Demo"/>
  <testcase name="ChangeSignature" time="22.648" classname="zhaoruoxi.Demo"/>
  <testcase name="ChangeSignature" time="20.474" classname="zhaoruoxi.Demo"/>
  <testcase name="Comment" time="18.548" classname="zhaoruoxi.Demo">
    <failure type="java.lang.AssertionError" message="expected [true] but found [false]">
      <![CDATA[java.lang.AssertionError: expected [true] but found [false]
	at zhaoruoxi.Demo.Comment(Demo.java:67)
... Removed 28 stack frames]]>
    </failure>
  </testcase> <!-- Comment -->
  <testcase name="Comment" time="18.261" classname="zhaoruoxi.Demo"/>
  <testcase name="Comment" time="18.485" classname="zhaoruoxi.Demo"/>
  <testcase name="Comment" time="18.544" classname="zhaoruoxi.Demo"/>
  <testcase name="Comment" time="18.666" classname="zhaoruoxi.Demo"/>
  <testcase name="Comment" time="18.662" classname="zhaoruoxi.Demo"/>
  <testcase name="Comment" time="18.724" classname="zhaoruoxi.Demo"/>
  <testcase name="Comment" time="18.749" classname="zhaoruoxi.Demo"/>
  <testcase name="Comment" time="18.887" classname="zhaoruoxi.Demo"/>
  <testcase name="Comment" time="19.592" classname="zhaoruoxi.Demo"/>
  <testcase name="PublishTopic" time="25.935" classname="zhaoruoxi.Demo"/>
  <testcase name="PublishTopic" time="25.793" classname="zhaoruoxi.Demo"/>
  <testcase name="PublishTopic" time="25.456" classname="zhaoruoxi.Demo"/>
  <testcase name="PublishTopic" time="26.075" classname="zhaoruoxi.Demo"/>
  <testcase name="PublishTopic" time="25.751" classname="zhaoruoxi.Demo"/>
  <testcase name="PublishTopic" time="25.581" classname="zhaoruoxi.Demo"/>
  <testcase name="PublishTopic" time="25.829" classname="zhaoruoxi.Demo"/>
  <testcase name="PublishTopic" time="25.706" classname="zhaoruoxi.Demo"/>
  <testcase name="PublishTopic" time="26.29" classname="zhaoruoxi.Demo"/>
  <testcase name="PublishTopic" time="26.227" classname="zhaoruoxi.Demo"/>
  <testcase name="PublishTopic" time="25.678" classname="zhaoruoxi.Demo"/>
  <testcase name="Search" time="11.095" classname="zhaoruoxi.Demo"/>
  <testcase name="Search" time="10.68" classname="zhaoruoxi.Demo">
    <failure type="org.openqa.selenium.JavascriptException" message="TypeError: document.documentElement is null
Build info: version: &amp;apos;3.141.59&amp;apos;, revision: &amp;apos;e82be7d358&amp;apos;, time: &amp;apos;2018-11-14T08:25:53&amp;apos;
System info: host: &amp;apos;DESKTOP-UDJ5PR4&amp;apos;, ip: &amp;apos;169.254.170.10&amp;apos;, os.name: &amp;apos;Windows 10&amp;apos;, os.arch: &amp;apos;amd64&amp;apos;, os.version: &amp;apos;10.0&amp;apos;, java.version: &amp;apos;1.8.0_73&amp;apos;
Driver info: org.openqa.selenium.firefox.FirefoxDriver
Capabilities {acceptInsecureCerts: true, browserName: firefox, browserVersion: 65.0.2, javascriptEnabled: true, moz:accessibilityChecks: false, moz:geckodriverVersion: 0.24.0, moz:headless: false, moz:processID: 7252, moz:profile: C:\Users\dell\AppData\Local..., moz:shutdownTimeout: 60000, moz:useNonSpecCompliantPointerOrigin: false, moz:webdriverClick: true, pageLoadStrategy: normal, platform: WINDOWS, platformName: WINDOWS, platformVersion: 10.0, rotatable: false, setWindowRect: true, strictFileInteractability: false, timeouts: {implicit: 0, pageLoad: 300000, script: 30000}, unhandledPromptBehavior: dismiss and notify}
Session ID: 9e565dc7-5924-40dc-9b9b-c37bfaa68996">
      <![CDATA[org.openqa.selenium.JavascriptException: TypeError: document.documentElement is null
Build info: version: '3.141.59', revision: 'e82be7d358', time: '2018-11-14T08:25:53'
System info: host: 'DESKTOP-UDJ5PR4', ip: '169.254.170.10', os.name: 'Windows 10', os.arch: 'amd64', os.version: '10.0', java.version: '1.8.0_73'
Driver info: org.openqa.selenium.firefox.FirefoxDriver
Capabilities {acceptInsecureCerts: true, browserName: firefox, browserVersion: 65.0.2, javascriptEnabled: true, moz:accessibilityChecks: false, moz:geckodriverVersion: 0.24.0, moz:headless: false, moz:processID: 7252, moz:profile: C:\Users\dell\AppData\Local..., moz:shutdownTimeout: 60000, moz:useNonSpecCompliantPointerOrigin: false, moz:webdriverClick: true, pageLoadStrategy: normal, platform: WINDOWS, platformName: WINDOWS, platformVersion: 10.0, rotatable: false, setWindowRect: true, strictFileInteractability: false, timeouts: {implicit: 0, pageLoad: 300000, script: 30000}, unhandledPromptBehavior: dismiss and notify}
Session ID: 9e565dc7-5924-40dc-9b9b-c37bfaa68996
	at org.openqa.selenium.remote.http.W3CHttpResponseCodec.createException(W3CHttpResponseCodec.java:187)
	at org.openqa.selenium.remote.http.W3CHttpResponseCodec.decode(W3CHttpResponseCodec.java:122)
	at org.openqa.selenium.remote.http.W3CHttpResponseCodec.decode(W3CHttpResponseCodec.java:49)
	at org.openqa.selenium.remote.HttpCommandExecutor.execute(HttpCommandExecutor.java:158)
	at org.openqa.selenium.remote.service.DriverCommandExecutor.execute(DriverCommandExecutor.java:83)
	at org.openqa.selenium.remote.RemoteWebDriver.execute(RemoteWebDriver.java:552)
	at org.openqa.selenium.remote.RemoteWebDriver.execute(RemoteWebDriver.java:609)
	at org.openqa.selenium.remote.RemoteWebDriver.getPageSource(RemoteWebDriver.java:438)
	at com.webtest.core.WebDriverEngine.isTextPresent(WebDriverEngine.java:107)
	at zhaoruoxi.Demo.Search(Demo.java:113)
... Removed 28 stack frames]]>
    </failure>
  </testcase> <!-- Search -->
  <testcase name="Search" time="3.287" classname="zhaoruoxi.Demo"/>
  <testcase name="Search" time="10.563" classname="zhaoruoxi.Demo"/>
  <testcase name="Search" time="10.61" classname="zhaoruoxi.Demo"/>
  <testcase name="Search" time="10.476" classname="zhaoruoxi.Demo"/>
  <testcase name="Search" time="10.511" classname="zhaoruoxi.Demo"/>
  <testcase name="Search" time="10.487" classname="zhaoruoxi.Demo"/>
  <testcase name="Collection" time="15.55" classname="zhaoruoxi.Demo2"/>
  <testcase name="Invite" time="15.446" classname="zhaoruoxi.Demo2"/>
  <testcase name="Invite1" time="17.511" classname="zhaoruoxi.Demo2"/>
  <testcase name="Invite2" time="25.84" classname="zhaoruoxi.Demo2"/>
  <testcase name="Rank" time="0.08" classname="zhaoruoxi.Demo2">
    <failure type="org.openqa.selenium.ElementClickInterceptedException" message="Element &amp;lt;a class=&amp;quot;first-a&amp;quot; href=&amp;quot;/index.php?s=/weibo/index/index.html&amp;quot;&amp;gt; is not clickable at point (624,25) because another element &amp;lt;div id=&amp;quot;triggerModal&amp;quot; class=&amp;quot;modal modal-trigger fade in&amp;quot;&amp;gt; obscures it
Build info: version: &amp;apos;3.141.59&amp;apos;, revision: &amp;apos;e82be7d358&amp;apos;, time: &amp;apos;2018-11-14T08:25:53&amp;apos;
System info: host: &amp;apos;DESKTOP-UDJ5PR4&amp;apos;, ip: &amp;apos;169.254.170.10&amp;apos;, os.name: &amp;apos;Windows 10&amp;apos;, os.arch: &amp;apos;amd64&amp;apos;, os.version: &amp;apos;10.0&amp;apos;, java.version: &amp;apos;1.8.0_73&amp;apos;
Driver info: org.openqa.selenium.firefox.FirefoxDriver
Capabilities {acceptInsecureCerts: true, browserName: firefox, browserVersion: 65.0.2, javascriptEnabled: true, moz:accessibilityChecks: false, moz:geckodriverVersion: 0.24.0, moz:headless: false, moz:processID: 12516, moz:profile: C:\Users\dell\AppData\Local..., moz:shutdownTimeout: 60000, moz:useNonSpecCompliantPointerOrigin: false, moz:webdriverClick: true, pageLoadStrategy: normal, platform: WINDOWS, platformName: WINDOWS, platformVersion: 10.0, rotatable: false, setWindowRect: true, strictFileInteractability: false, timeouts: {implicit: 0, pageLoad: 300000, script: 30000}, unhandledPromptBehavior: dismiss and notify}
Session ID: 5e4779e1-c9e2-4b12-8fe9-adf0d3dd1edf">
      <![CDATA[org.openqa.selenium.ElementClickInterceptedException: Element <a class="first-a" href="/index.php?s=/weibo/index/index.html"> is not clickable at point (624,25) because another element <div id="triggerModal" class="modal modal-trigger fade in"> obscures it
Build info: version: '3.141.59', revision: 'e82be7d358', time: '2018-11-14T08:25:53'
System info: host: 'DESKTOP-UDJ5PR4', ip: '169.254.170.10', os.name: 'Windows 10', os.arch: 'amd64', os.version: '10.0', java.version: '1.8.0_73'
Driver info: org.openqa.selenium.firefox.FirefoxDriver
Capabilities {acceptInsecureCerts: true, browserName: firefox, browserVersion: 65.0.2, javascriptEnabled: true, moz:accessibilityChecks: false, moz:geckodriverVersion: 0.24.0, moz:headless: false, moz:processID: 12516, moz:profile: C:\Users\dell\AppData\Local..., moz:shutdownTimeout: 60000, moz:useNonSpecCompliantPointerOrigin: false, moz:webdriverClick: true, pageLoadStrategy: normal, platform: WINDOWS, platformName: WINDOWS, platformVersion: 10.0, rotatable: false, setWindowRect: true, strictFileInteractability: false, timeouts: {implicit: 0, pageLoad: 300000, script: 30000}, unhandledPromptBehavior: dismiss and notify}
Session ID: 5e4779e1-c9e2-4b12-8fe9-adf0d3dd1edf
	at org.openqa.selenium.remote.http.W3CHttpResponseCodec.createException(W3CHttpResponseCodec.java:187)
	at org.openqa.selenium.remote.http.W3CHttpResponseCodec.decode(W3CHttpResponseCodec.java:122)
	at org.openqa.selenium.remote.http.W3CHttpResponseCodec.decode(W3CHttpResponseCodec.java:49)
	at org.openqa.selenium.remote.HttpCommandExecutor.execute(HttpCommandExecutor.java:158)
	at org.openqa.selenium.remote.service.DriverCommandExecutor.execute(DriverCommandExecutor.java:83)
	at org.openqa.selenium.remote.RemoteWebDriver.execute(RemoteWebDriver.java:552)
	at org.openqa.selenium.remote.RemoteWebElement.execute(RemoteWebElement.java:285)
	at org.openqa.selenium.remote.RemoteWebElement.click(RemoteWebElement.java:84)
	at com.webtest.core.WebDriverEngine.click(WebDriverEngine.java:140)
	at zhaoruoxi.Demo2.Rank(Demo2.java:278)
... Removed 28 stack frames]]>
    </failure>
  </testcase> <!-- Rank -->
  <testcase name="Remind1" time="0.072" classname="zhaoruoxi.Demo2">
    <failure type="org.openqa.selenium.ElementClickInterceptedException" message="Element &amp;lt;a class=&amp;quot;first-a&amp;quot; href=&amp;quot;/index.php?s=/weibo/index/index.html&amp;quot;&amp;gt; is not clickable at point (624,25) because another element &amp;lt;div id=&amp;quot;triggerModal&amp;quot; class=&amp;quot;modal modal-trigger fade in&amp;quot;&amp;gt; obscures it
Build info: version: &amp;apos;3.141.59&amp;apos;, revision: &amp;apos;e82be7d358&amp;apos;, time: &amp;apos;2018-11-14T08:25:53&amp;apos;
System info: host: &amp;apos;DESKTOP-UDJ5PR4&amp;apos;, ip: &amp;apos;169.254.170.10&amp;apos;, os.name: &amp;apos;Windows 10&amp;apos;, os.arch: &amp;apos;amd64&amp;apos;, os.version: &amp;apos;10.0&amp;apos;, java.version: &amp;apos;1.8.0_73&amp;apos;
Driver info: org.openqa.selenium.firefox.FirefoxDriver
Capabilities {acceptInsecureCerts: true, browserName: firefox, browserVersion: 65.0.2, javascriptEnabled: true, moz:accessibilityChecks: false, moz:geckodriverVersion: 0.24.0, moz:headless: false, moz:processID: 12516, moz:profile: C:\Users\dell\AppData\Local..., moz:shutdownTimeout: 60000, moz:useNonSpecCompliantPointerOrigin: false, moz:webdriverClick: true, pageLoadStrategy: normal, platform: WINDOWS, platformName: WINDOWS, platformVersion: 10.0, rotatable: false, setWindowRect: true, strictFileInteractability: false, timeouts: {implicit: 0, pageLoad: 300000, script: 30000}, unhandledPromptBehavior: dismiss and notify}
Session ID: 5e4779e1-c9e2-4b12-8fe9-adf0d3dd1edf">
      <![CDATA[org.openqa.selenium.ElementClickInterceptedException: Element <a class="first-a" href="/index.php?s=/weibo/index/index.html"> is not clickable at point (624,25) because another element <div id="triggerModal" class="modal modal-trigger fade in"> obscures it
Build info: version: '3.141.59', revision: 'e82be7d358', time: '2018-11-14T08:25:53'
System info: host: 'DESKTOP-UDJ5PR4', ip: '169.254.170.10', os.name: 'Windows 10', os.arch: 'amd64', os.version: '10.0', java.version: '1.8.0_73'
Driver info: org.openqa.selenium.firefox.FirefoxDriver
Capabilities {acceptInsecureCerts: true, browserName: firefox, browserVersion: 65.0.2, javascriptEnabled: true, moz:accessibilityChecks: false, moz:geckodriverVersion: 0.24.0, moz:headless: false, moz:processID: 12516, moz:profile: C:\Users\dell\AppData\Local..., moz:shutdownTimeout: 60000, moz:useNonSpecCompliantPointerOrigin: false, moz:webdriverClick: true, pageLoadStrategy: normal, platform: WINDOWS, platformName: WINDOWS, platformVersion: 10.0, rotatable: false, setWindowRect: true, strictFileInteractability: false, timeouts: {implicit: 0, pageLoad: 300000, script: 30000}, unhandledPromptBehavior: dismiss and notify}
Session ID: 5e4779e1-c9e2-4b12-8fe9-adf0d3dd1edf
	at org.openqa.selenium.remote.http.W3CHttpResponseCodec.createException(W3CHttpResponseCodec.java:187)
	at org.openqa.selenium.remote.http.W3CHttpResponseCodec.decode(W3CHttpResponseCodec.java:122)
	at org.openqa.selenium.remote.http.W3CHttpResponseCodec.decode(W3CHttpResponseCodec.java:49)
	at org.openqa.selenium.remote.HttpCommandExecutor.execute(HttpCommandExecutor.java:158)
	at org.openqa.selenium.remote.service.DriverCommandExecutor.execute(DriverCommandExecutor.java:83)
	at org.openqa.selenium.remote.RemoteWebDriver.execute(RemoteWebDriver.java:552)
	at org.openqa.selenium.remote.RemoteWebElement.execute(RemoteWebElement.java:285)
	at org.openqa.selenium.remote.RemoteWebElement.click(RemoteWebElement.java:84)
	at com.webtest.core.WebDriverEngine.click(WebDriverEngine.java:140)
	at zhaoruoxi.Demo2.Remind1(Demo2.java:241)
... Removed 28 stack frames]]>
    </failure>
  </testcase> <!-- Remind1 -->
  <testcase name="Remind2" time="0.074" classname="zhaoruoxi.Demo2">
    <failure type="org.openqa.selenium.ElementClickInterceptedException" message="Element &amp;lt;a class=&amp;quot;first-a&amp;quot; href=&amp;quot;/index.php?s=/weibo/index/index.html&amp;quot;&amp;gt; is not clickable at point (624,25) because another element &amp;lt;div id=&amp;quot;triggerModal&amp;quot; class=&amp;quot;modal modal-trigger fade in&amp;quot;&amp;gt; obscures it
Build info: version: &amp;apos;3.141.59&amp;apos;, revision: &amp;apos;e82be7d358&amp;apos;, time: &amp;apos;2018-11-14T08:25:53&amp;apos;
System info: host: &amp;apos;DESKTOP-UDJ5PR4&amp;apos;, ip: &amp;apos;169.254.170.10&amp;apos;, os.name: &amp;apos;Windows 10&amp;apos;, os.arch: &amp;apos;amd64&amp;apos;, os.version: &amp;apos;10.0&amp;apos;, java.version: &amp;apos;1.8.0_73&amp;apos;
Driver info: org.openqa.selenium.firefox.FirefoxDriver
Capabilities {acceptInsecureCerts: true, browserName: firefox, browserVersion: 65.0.2, javascriptEnabled: true, moz:accessibilityChecks: false, moz:geckodriverVersion: 0.24.0, moz:headless: false, moz:processID: 12516, moz:profile: C:\Users\dell\AppData\Local..., moz:shutdownTimeout: 60000, moz:useNonSpecCompliantPointerOrigin: false, moz:webdriverClick: true, pageLoadStrategy: normal, platform: WINDOWS, platformName: WINDOWS, platformVersion: 10.0, rotatable: false, setWindowRect: true, strictFileInteractability: false, timeouts: {implicit: 0, pageLoad: 300000, script: 30000}, unhandledPromptBehavior: dismiss and notify}
Session ID: 5e4779e1-c9e2-4b12-8fe9-adf0d3dd1edf">
      <![CDATA[org.openqa.selenium.ElementClickInterceptedException: Element <a class="first-a" href="/index.php?s=/weibo/index/index.html"> is not clickable at point (624,25) because another element <div id="triggerModal" class="modal modal-trigger fade in"> obscures it
Build info: version: '3.141.59', revision: 'e82be7d358', time: '2018-11-14T08:25:53'
System info: host: 'DESKTOP-UDJ5PR4', ip: '169.254.170.10', os.name: 'Windows 10', os.arch: 'amd64', os.version: '10.0', java.version: '1.8.0_73'
Driver info: org.openqa.selenium.firefox.FirefoxDriver
Capabilities {acceptInsecureCerts: true, browserName: firefox, browserVersion: 65.0.2, javascriptEnabled: true, moz:accessibilityChecks: false, moz:geckodriverVersion: 0.24.0, moz:headless: false, moz:processID: 12516, moz:profile: C:\Users\dell\AppData\Local..., moz:shutdownTimeout: 60000, moz:useNonSpecCompliantPointerOrigin: false, moz:webdriverClick: true, pageLoadStrategy: normal, platform: WINDOWS, platformName: WINDOWS, platformVersion: 10.0, rotatable: false, setWindowRect: true, strictFileInteractability: false, timeouts: {implicit: 0, pageLoad: 300000, script: 30000}, unhandledPromptBehavior: dismiss and notify}
Session ID: 5e4779e1-c9e2-4b12-8fe9-adf0d3dd1edf
	at org.openqa.selenium.remote.http.W3CHttpResponseCodec.createException(W3CHttpResponseCodec.java:187)
	at org.openqa.selenium.remote.http.W3CHttpResponseCodec.decode(W3CHttpResponseCodec.java:122)
	at org.openqa.selenium.remote.http.W3CHttpResponseCodec.decode(W3CHttpResponseCodec.java:49)
	at org.openqa.selenium.remote.HttpCommandExecutor.execute(HttpCommandExecutor.java:158)
	at org.openqa.selenium.remote.service.DriverCommandExecutor.execute(DriverCommandExecutor.java:83)
	at org.openqa.selenium.remote.RemoteWebDriver.execute(RemoteWebDriver.java:552)
	at org.openqa.selenium.remote.RemoteWebElement.execute(RemoteWebElement.java:285)
	at org.openqa.selenium.remote.RemoteWebElement.click(RemoteWebElement.java:84)
	at com.webtest.core.WebDriverEngine.click(WebDriverEngine.java:140)
	at zhaoruoxi.Demo2.Remind2(Demo2.java:253)
... Removed 28 stack frames]]>
    </failure>
  </testcase> <!-- Remind2 -->
  <testcase name="Remind3" time="0.065" classname="zhaoruoxi.Demo2">
    <failure type="org.openqa.selenium.ElementClickInterceptedException" message="Element &amp;lt;a class=&amp;quot;first-a&amp;quot; href=&amp;quot;/index.php?s=/weibo/index/index.html&amp;quot;&amp;gt; is not clickable at point (624,25) because another element &amp;lt;div id=&amp;quot;triggerModal&amp;quot; class=&amp;quot;modal modal-trigger fade in&amp;quot;&amp;gt; obscures it
Build info: version: &amp;apos;3.141.59&amp;apos;, revision: &amp;apos;e82be7d358&amp;apos;, time: &amp;apos;2018-11-14T08:25:53&amp;apos;
System info: host: &amp;apos;DESKTOP-UDJ5PR4&amp;apos;, ip: &amp;apos;169.254.170.10&amp;apos;, os.name: &amp;apos;Windows 10&amp;apos;, os.arch: &amp;apos;amd64&amp;apos;, os.version: &amp;apos;10.0&amp;apos;, java.version: &amp;apos;1.8.0_73&amp;apos;
Driver info: org.openqa.selenium.firefox.FirefoxDriver
Capabilities {acceptInsecureCerts: true, browserName: firefox, browserVersion: 65.0.2, javascriptEnabled: true, moz:accessibilityChecks: false, moz:geckodriverVersion: 0.24.0, moz:headless: false, moz:processID: 12516, moz:profile: C:\Users\dell\AppData\Local..., moz:shutdownTimeout: 60000, moz:useNonSpecCompliantPointerOrigin: false, moz:webdriverClick: true, pageLoadStrategy: normal, platform: WINDOWS, platformName: WINDOWS, platformVersion: 10.0, rotatable: false, setWindowRect: true, strictFileInteractability: false, timeouts: {implicit: 0, pageLoad: 300000, script: 30000}, unhandledPromptBehavior: dismiss and notify}
Session ID: 5e4779e1-c9e2-4b12-8fe9-adf0d3dd1edf">
      <![CDATA[org.openqa.selenium.ElementClickInterceptedException: Element <a class="first-a" href="/index.php?s=/weibo/index/index.html"> is not clickable at point (624,25) because another element <div id="triggerModal" class="modal modal-trigger fade in"> obscures it
Build info: version: '3.141.59', revision: 'e82be7d358', time: '2018-11-14T08:25:53'
System info: host: 'DESKTOP-UDJ5PR4', ip: '169.254.170.10', os.name: 'Windows 10', os.arch: 'amd64', os.version: '10.0', java.version: '1.8.0_73'
Driver info: org.openqa.selenium.firefox.FirefoxDriver
Capabilities {acceptInsecureCerts: true, browserName: firefox, browserVersion: 65.0.2, javascriptEnabled: true, moz:accessibilityChecks: false, moz:geckodriverVersion: 0.24.0, moz:headless: false, moz:processID: 12516, moz:profile: C:\Users\dell\AppData\Local..., moz:shutdownTimeout: 60000, moz:useNonSpecCompliantPointerOrigin: false, moz:webdriverClick: true, pageLoadStrategy: normal, platform: WINDOWS, platformName: WINDOWS, platformVersion: 10.0, rotatable: false, setWindowRect: true, strictFileInteractability: false, timeouts: {implicit: 0, pageLoad: 300000, script: 30000}, unhandledPromptBehavior: dismiss and notify}
Session ID: 5e4779e1-c9e2-4b12-8fe9-adf0d3dd1edf
	at org.openqa.selenium.remote.http.W3CHttpResponseCodec.createException(W3CHttpResponseCodec.java:187)
	at org.openqa.selenium.remote.http.W3CHttpResponseCodec.decode(W3CHttpResponseCodec.java:122)
	at org.openqa.selenium.remote.http.W3CHttpResponseCodec.decode(W3CHttpResponseCodec.java:49)
	at org.openqa.selenium.remote.HttpCommandExecutor.execute(HttpCommandExecutor.java:158)
	at org.openqa.selenium.remote.service.DriverCommandExecutor.execute(DriverCommandExecutor.java:83)
	at org.openqa.selenium.remote.RemoteWebDriver.execute(RemoteWebDriver.java:552)
	at org.openqa.selenium.remote.RemoteWebElement.execute(RemoteWebElement.java:285)
	at org.openqa.selenium.remote.RemoteWebElement.click(RemoteWebElement.java:84)
	at com.webtest.core.WebDriverEngine.click(WebDriverEngine.java:140)
	at zhaoruoxi.Demo2.Remind3(Demo2.java:265)
... Removed 28 stack frames]]>
    </failure>
  </testcase> <!-- Remind3 -->
  <testcase name="TopicEmoji" time="0.112" classname="zhaoruoxi.Demo2">
    <failure type="org.openqa.selenium.ElementClickInterceptedException" message="Element &amp;lt;a class=&amp;quot;first-a&amp;quot; href=&amp;quot;/index.php?s=/weibo/index/index.html&amp;quot;&amp;gt; is not clickable at point (624,25) because another element &amp;lt;div id=&amp;quot;triggerModal&amp;quot; class=&amp;quot;modal modal-trigger fade in&amp;quot;&amp;gt; obscures it
Build info: version: &amp;apos;3.141.59&amp;apos;, revision: &amp;apos;e82be7d358&amp;apos;, time: &amp;apos;2018-11-14T08:25:53&amp;apos;
System info: host: &amp;apos;DESKTOP-UDJ5PR4&amp;apos;, ip: &amp;apos;169.254.170.10&amp;apos;, os.name: &amp;apos;Windows 10&amp;apos;, os.arch: &amp;apos;amd64&amp;apos;, os.version: &amp;apos;10.0&amp;apos;, java.version: &amp;apos;1.8.0_73&amp;apos;
Driver info: org.openqa.selenium.firefox.FirefoxDriver
Capabilities {acceptInsecureCerts: true, browserName: firefox, browserVersion: 65.0.2, javascriptEnabled: true, moz:accessibilityChecks: false, moz:geckodriverVersion: 0.24.0, moz:headless: false, moz:processID: 12516, moz:profile: C:\Users\dell\AppData\Local..., moz:shutdownTimeout: 60000, moz:useNonSpecCompliantPointerOrigin: false, moz:webdriverClick: true, pageLoadStrategy: normal, platform: WINDOWS, platformName: WINDOWS, platformVersion: 10.0, rotatable: false, setWindowRect: true, strictFileInteractability: false, timeouts: {implicit: 0, pageLoad: 300000, script: 30000}, unhandledPromptBehavior: dismiss and notify}
Session ID: 5e4779e1-c9e2-4b12-8fe9-adf0d3dd1edf">
      <![CDATA[org.openqa.selenium.ElementClickInterceptedException: Element <a class="first-a" href="/index.php?s=/weibo/index/index.html"> is not clickable at point (624,25) because another element <div id="triggerModal" class="modal modal-trigger fade in"> obscures it
Build info: version: '3.141.59', revision: 'e82be7d358', time: '2018-11-14T08:25:53'
System info: host: 'DESKTOP-UDJ5PR4', ip: '169.254.170.10', os.name: 'Windows 10', os.arch: 'amd64', os.version: '10.0', java.version: '1.8.0_73'
Driver info: org.openqa.selenium.firefox.FirefoxDriver
Capabilities {acceptInsecureCerts: true, browserName: firefox, browserVersion: 65.0.2, javascriptEnabled: true, moz:accessibilityChecks: false, moz:geckodriverVersion: 0.24.0, moz:headless: false, moz:processID: 12516, moz:profile: C:\Users\dell\AppData\Local..., moz:shutdownTimeout: 60000, moz:useNonSpecCompliantPointerOrigin: false, moz:webdriverClick: true, pageLoadStrategy: normal, platform: WINDOWS, platformName: WINDOWS, platformVersion: 10.0, rotatable: false, setWindowRect: true, strictFileInteractability: false, timeouts: {implicit: 0, pageLoad: 300000, script: 30000}, unhandledPromptBehavior: dismiss and notify}
Session ID: 5e4779e1-c9e2-4b12-8fe9-adf0d3dd1edf
	at org.openqa.selenium.remote.http.W3CHttpResponseCodec.createException(W3CHttpResponseCodec.java:187)
	at org.openqa.selenium.remote.http.W3CHttpResponseCodec.decode(W3CHttpResponseCodec.java:122)
	at org.openqa.selenium.remote.http.W3CHttpResponseCodec.decode(W3CHttpResponseCodec.java:49)
	at org.openqa.selenium.remote.HttpCommandExecutor.execute(HttpCommandExecutor.java:158)
	at org.openqa.selenium.remote.service.DriverCommandExecutor.execute(DriverCommandExecutor.java:83)
	at org.openqa.selenium.remote.RemoteWebDriver.execute(RemoteWebDriver.java:552)
	at org.openqa.selenium.remote.RemoteWebElement.execute(RemoteWebElement.java:285)
	at org.openqa.selenium.remote.RemoteWebElement.click(RemoteWebElement.java:84)
	at com.webtest.core.WebDriverEngine.click(WebDriverEngine.java:140)
	at zhaoruoxi.Demo2.TopicEmoji(Demo2.java:181)
... Removed 28 stack frames]]>
    </failure>
  </testcase> <!-- TopicEmoji -->
  <testcase name="Topic_24" time="0.188" classname="zhaoruoxi.Demo2">
    <failure type="org.openqa.selenium.StaleElementReferenceException" message="The element reference of &amp;lt;a class=&amp;quot;first-a&amp;quot; href=&amp;quot;/index.php?s=/weibo/index/index.html&amp;quot;&amp;gt; is stale; either the element is no longer attached to the DOM, it is not in the current frame context, or the document has been refreshed
For documentation on this error, please visit: https://www.seleniumhq.org/exceptions/stale_element_reference.html
Build info: version: &amp;apos;3.141.59&amp;apos;, revision: &amp;apos;e82be7d358&amp;apos;, time: &amp;apos;2018-11-14T08:25:53&amp;apos;
System info: host: &amp;apos;DESKTOP-UDJ5PR4&amp;apos;, ip: &amp;apos;169.254.170.10&amp;apos;, os.name: &amp;apos;Windows 10&amp;apos;, os.arch: &amp;apos;amd64&amp;apos;, os.version: &amp;apos;10.0&amp;apos;, java.version: &amp;apos;1.8.0_73&amp;apos;
Driver info: org.openqa.selenium.firefox.FirefoxDriver
Capabilities {acceptInsecureCerts: true, browserName: firefox, browserVersion: 65.0.2, javascriptEnabled: true, moz:accessibilityChecks: false, moz:geckodriverVersion: 0.24.0, moz:headless: false, moz:processID: 12516, moz:profile: C:\Users\dell\AppData\Local..., moz:shutdownTimeout: 60000, moz:useNonSpecCompliantPointerOrigin: false, moz:webdriverClick: true, pageLoadStrategy: normal, platform: WINDOWS, platformName: WINDOWS, platformVersion: 10.0, rotatable: false, setWindowRect: true, strictFileInteractability: false, timeouts: {implicit: 0, pageLoad: 300000, script: 30000}, unhandledPromptBehavior: dismiss and notify}
Session ID: 5e4779e1-c9e2-4b12-8fe9-adf0d3dd1edf">
      <![CDATA[org.openqa.selenium.StaleElementReferenceException: The element reference of <a class="first-a" href="/index.php?s=/weibo/index/index.html"> is stale; either the element is no longer attached to the DOM, it is not in the current frame context, or the document has been refreshed
For documentation on this error, please visit: https://www.seleniumhq.org/exceptions/stale_element_reference.html
Build info: version: '3.141.59', revision: 'e82be7d358', time: '2018-11-14T08:25:53'
System info: host: 'DESKTOP-UDJ5PR4', ip: '169.254.170.10', os.name: 'Windows 10', os.arch: 'amd64', os.version: '10.0', java.version: '1.8.0_73'
Driver info: org.openqa.selenium.firefox.FirefoxDriver
Capabilities {acceptInsecureCerts: true, browserName: firefox, browserVersion: 65.0.2, javascriptEnabled: true, moz:accessibilityChecks: false, moz:geckodriverVersion: 0.24.0, moz:headless: false, moz:processID: 12516, moz:profile: C:\Users\dell\AppData\Local..., moz:shutdownTimeout: 60000, moz:useNonSpecCompliantPointerOrigin: false, moz:webdriverClick: true, pageLoadStrategy: normal, platform: WINDOWS, platformName: WINDOWS, platformVersion: 10.0, rotatable: false, setWindowRect: true, strictFileInteractability: false, timeouts: {implicit: 0, pageLoad: 300000, script: 30000}, unhandledPromptBehavior: dismiss and notify}
Session ID: 5e4779e1-c9e2-4b12-8fe9-adf0d3dd1edf
	at org.openqa.selenium.remote.http.W3CHttpResponseCodec.createException(W3CHttpResponseCodec.java:187)
	at org.openqa.selenium.remote.http.W3CHttpResponseCodec.decode(W3CHttpResponseCodec.java:122)
	at org.openqa.selenium.remote.http.W3CHttpResponseCodec.decode(W3CHttpResponseCodec.java:49)
	at org.openqa.selenium.remote.HttpCommandExecutor.execute(HttpCommandExecutor.java:158)
	at org.openqa.selenium.remote.service.DriverCommandExecutor.execute(DriverCommandExecutor.java:83)
	at org.openqa.selenium.remote.RemoteWebDriver.execute(RemoteWebDriver.java:552)
	at org.openqa.selenium.remote.RemoteWebElement.execute(RemoteWebElement.java:285)
	at org.openqa.selenium.remote.RemoteWebElement.click(RemoteWebElement.java:84)
	at com.webtest.core.WebDriverEngine.click(WebDriverEngine.java:140)
	at zhaoruoxi.Demo2.Topic_24(Demo2.java:288)
... Removed 28 stack frames]]>
    </failure>
  </testcase> <!-- Topic_24 -->
  <testcase name="Topic_7" time="2.221" classname="zhaoruoxi.Demo2"/>
  <testcase name="publish1" time="18.937" classname="zhaoruoxi.Demo2"/>
  <testcase name="publish2" time="20.973" classname="zhaoruoxi.Demo2"/>
  <testcase name="publish3" time="17.847" classname="zhaoruoxi.Demo2"/>
  <testcase name="publish4" time="16.679" classname="zhaoruoxi.Demo2"/>
  <testcase name="publish5" time="15.699" classname="zhaoruoxi.Demo2"/>
  <testcase name="test1" time="28.344" classname="yangliu.Demo1">
    <failure type="java.lang.AssertionError" message="expected [true] but found [false]">
      <![CDATA[java.lang.AssertionError: expected [true] but found [false]
	at yangliu.Demo1.test1(Demo1.java:115)
... Removed 28 stack frames]]>
    </failure>
  </testcase> <!-- test1 -->
  <testcase name="test2" time="3.757" classname="yangliu.Demo1"/>
  <testcase name="test3" time="26.132" classname="yangliu.Demo1"/>
  <testcase name="test4" time="39.745" classname="yangliu.Demo1">
    <failure type="java.lang.AssertionError" message="expected [true] but found [false]">
      <![CDATA[java.lang.AssertionError: expected [true] but found [false]
	at yangliu.Demo1.test4(Demo1.java:194)
... Removed 28 stack frames]]>
    </failure>
  </testcase> <!-- test4 -->
  <testcase name="test5" time="11.009" classname="yangliu.Demo1"/>
  <testcase name="test5_1" time="7.214" classname="yangliu.Demo1"/>
  <testcase name="test5_2" time="16.312" classname="yangliu.Demo1"/>
  <testcase name="test6" time="25.022" classname="yangliu.Demo1">
    <failure type="java.lang.AssertionError" message="expected [true] but found [false]">
      <![CDATA[java.lang.AssertionError: expected [true] but found [false]
	at yangliu.Demo1.test6(Demo1.java:291)
... Removed 28 stack frames]]>
    </failure>
  </testcase> <!-- test6 -->
  <testcase name="test7" time="30.4" classname="yangliu.Demo1">
    <failure type="java.lang.AssertionError" message="expected [true] but found [false]">
      <![CDATA[java.lang.AssertionError: expected [true] but found [false]
	at yangliu.Demo1.test7(Demo1.java:340)
... Removed 28 stack frames]]>
    </failure>
  </testcase> <!-- test7 -->
  <testcase name="test8" time="52.187" classname="yangliu.Demo1"/>
  <testcase name="test9" time="21.327" classname="yangliu.Demo1"/>
  <testcase name="test10" time="41.046" classname="yangliu.Demo1"/>
  <testcase name="test11" time="35.849" classname="yangliu.Demo1">
    <failure type="java.lang.AssertionError" message="expected [true] but found [false]">
      <![CDATA[java.lang.AssertionError: expected [true] but found [false]
	at yangliu.Demo1.test11(Demo1.java:559)
... Removed 28 stack frames]]>
    </failure>
  </testcase> <!-- test11 -->
  <testcase name="test12" time="33.287" classname="yangliu.Demo1">
    <failure type="java.lang.AssertionError" message="expected [true] but found [false]">
      <![CDATA[java.lang.AssertionError: expected [true] but found [false]
	at yangliu.Demo1.test12(Demo1.java:613)
... Removed 28 stack frames]]>
    </failure>
  </testcase> <!-- test12 -->
  <testcase name="test13" time="29.827" classname="yangliu.Demo1">
    <failure type="java.lang.IndexOutOfBoundsException" message="Index: 1, Size: 1">
      <![CDATA[java.lang.IndexOutOfBoundsException: Index: 1, Size: 1
	at java.util.ArrayList.rangeCheck(ArrayList.java:653)
	at java.util.ArrayList.get(ArrayList.java:429)
	at com.webtest.core.WebDriverEngine.switchWidow(WebDriverEngine.java:274)
	at yangliu.Demo1.test13(Demo1.java:665)
... Removed 24 stack frames]]>
    </failure>
  </testcase> <!-- test13 -->
  <testcase name="test14" time="29.841" classname="yangliu.Demo1"/>
  <testcase name="test15" time="29.889" classname="yangliu.Demo1">
    <failure type="java.lang.AssertionError" message="expected [true] but found [false]">
      <![CDATA[java.lang.AssertionError: expected [true] but found [false]
	at yangliu.Demo1.test15(Demo1.java:757)
... Removed 28 stack frames]]>
    </failure>
  </testcase> <!-- test15 -->
  <testcase name="test16" time="27.359" classname="yangliu.Demo1"/>
  <testcase name="test17" time="13.043" classname="yangliu.Demo1"/>
  <testcase name="test17" time="13.628" classname="yangliu.Demo1"/>
  <testcase name="test17" time="13.706" classname="yangliu.Demo1"/>
  <testcase name="test17" time="14.272" classname="yangliu.Demo1"/>
  <testcase name="test17" time="13.555" classname="yangliu.Demo1"/>
  <testcase name="test17" time="14.283" classname="yangliu.Demo1"/>
  <testcase name="test17" time="13.645" classname="yangliu.Demo1"/>
  <testcase name="test17" time="14.24" classname="yangliu.Demo1"/>
  <testcase name="test17" time="13.609" classname="yangliu.Demo1"/>
  <testcase name="test17" time="14.085" classname="yangliu.Demo1"/>
  <testcase name="test24" time="13.325" classname="yangliu.Demo1"/>
  <testcase name="test25" time="13.347" classname="yangliu.Demo1"/>
  <testcase name="test30" time="13.432" classname="yangliu.Demo1"/>
  <testcase name="test36" time="16.352" classname="yangliu.Demo1">
    <failure type="java.lang.AssertionError" message="expected [true] but found [false]">
      <![CDATA[java.lang.AssertionError: expected [true] but found [false]
	at yangliu.Demo1.test36(Demo1.java:923)
... Removed 28 stack frames]]>
    </failure>
  </testcase> <!-- test36 -->
  <testcase name="test40" time="16.662" classname="yangliu.Demo1">
    <failure type="java.lang.AssertionError" message="expected [true] but found [false]">
      <![CDATA[java.lang.AssertionError: expected [true] but found [false]
	at yangliu.Demo1.test40(Demo1.java:956)
... Removed 28 stack frames]]>
    </failure>
  </testcase> <!-- test40 -->
  <testcase name="test41" time="16.21" classname="yangliu.Demo1"/>
  <testcase name="test41" time="16.258" classname="yangliu.Demo1"/>
  <testcase name="test41" time="16.052" classname="yangliu.Demo1"/>
  <testcase name="test41" time="16.366" classname="yangliu.Demo1"/>
  <testcase name="test41" time="16.228" classname="yangliu.Demo1"/>
  <testcase name="test41" time="16.513" classname="yangliu.Demo1"/>
  <testcase name="test41" time="16.164" classname="yangliu.Demo1"/>
  <testcase name="test41" time="16.379" classname="yangliu.Demo1"/>
  <testcase name="test41" time="16.171" classname="yangliu.Demo1"/>
  <testcase name="test41" time="17.083" classname="yangliu.Demo1"/>
  <testcase name="test41" time="16.056" classname="yangliu.Demo1"/>
  <testcase name="test41" time="16.317" classname="yangliu.Demo1"/>
  <testcase name="test41" time="16.234" classname="yangliu.Demo1"/>
  <testcase name="test42" time="13.514" classname="yangliu.Demo1"/>
  <testcase name="test42" time="13.401" classname="yangliu.Demo1"/>
  <testcase name="test42" time="13.298" classname="yangliu.Demo1"/>
  <testcase name="test42" time="13.356" classname="yangliu.Demo1"/>
  <testcase name="test1" time="13.429" classname="liumeining.DemoTest"/>
  <testcase name="test2" time="12.29" classname="liumeining.DemoTest"/>
  <testcase name="test3" time="12.187" classname="liumeining.DemoTest"/>
  <testcase name="test4567" time="19.618" classname="liumeining.DemoTest"/>
  <testcase name="test4567" time="19.758" classname="liumeining.DemoTest"/>
  <testcase name="test4567" time="19.773" classname="liumeining.DemoTest"/>
  <testcase name="test4567" time="14.849" classname="liumeining.DemoTest">
    <failure type="java.lang.AssertionError" message="expected [true] but found [false]">
      <![CDATA[java.lang.AssertionError: expected [true] but found [false]
	at liumeining.DemoTest.test4567(DemoTest.java:112)
... Removed 28 stack frames]]>
    </failure>
  </testcase> <!-- test4567 -->
  <testcase name="test8" time="15.061" classname="liumeining.DemoTest">
    <failure type="org.openqa.selenium.NoSuchElementException" message="Unable to locate element: /html/body/div[2]/div[1]/form/div/button
For documentation on this error, please visit: https://www.seleniumhq.org/exceptions/no_such_element.html
Build info: version: &amp;apos;3.141.59&amp;apos;, revision: &amp;apos;e82be7d358&amp;apos;, time: &amp;apos;2018-11-14T08:25:53&amp;apos;
System info: host: &amp;apos;DESKTOP-UDJ5PR4&amp;apos;, ip: &amp;apos;169.254.170.10&amp;apos;, os.name: &amp;apos;Windows 10&amp;apos;, os.arch: &amp;apos;amd64&amp;apos;, os.version: &amp;apos;10.0&amp;apos;, java.version: &amp;apos;1.8.0_73&amp;apos;
Driver info: org.openqa.selenium.firefox.FirefoxDriver
Capabilities {acceptInsecureCerts: true, browserName: firefox, browserVersion: 65.0.2, javascriptEnabled: true, moz:accessibilityChecks: false, moz:geckodriverVersion: 0.24.0, moz:headless: false, moz:processID: 17448, moz:profile: C:\Users\dell\AppData\Local..., moz:shutdownTimeout: 60000, moz:useNonSpecCompliantPointerOrigin: false, moz:webdriverClick: true, pageLoadStrategy: normal, platform: WINDOWS, platformName: WINDOWS, platformVersion: 10.0, rotatable: false, setWindowRect: true, strictFileInteractability: false, timeouts: {implicit: 0, pageLoad: 300000, script: 30000}, unhandledPromptBehavior: dismiss and notify}
Session ID: 0fba2fd0-dcd9-4838-a867-34b7fc31d9c9
*** Element info: {Using=xpath, value=/html/body/div[2]/div[1]/form/div/button}">
      <![CDATA[org.openqa.selenium.NoSuchElementException: Unable to locate element: /html/body/div[2]/div[1]/form/div/button
For documentation on this error, please visit: https://www.seleniumhq.org/exceptions/no_such_element.html
Build info: version: '3.141.59', revision: 'e82be7d358', time: '2018-11-14T08:25:53'
System info: host: 'DESKTOP-UDJ5PR4', ip: '169.254.170.10', os.name: 'Windows 10', os.arch: 'amd64', os.version: '10.0', java.version: '1.8.0_73'
Driver info: org.openqa.selenium.firefox.FirefoxDriver
Capabilities {acceptInsecureCerts: true, browserName: firefox, browserVersion: 65.0.2, javascriptEnabled: true, moz:accessibilityChecks: false, moz:geckodriverVersion: 0.24.0, moz:headless: false, moz:processID: 17448, moz:profile: C:\Users\dell\AppData\Local..., moz:shutdownTimeout: 60000, moz:useNonSpecCompliantPointerOrigin: false, moz:webdriverClick: true, pageLoadStrategy: normal, platform: WINDOWS, platformName: WINDOWS, platformVersion: 10.0, rotatable: false, setWindowRect: true, strictFileInteractability: false, timeouts: {implicit: 0, pageLoad: 300000, script: 30000}, unhandledPromptBehavior: dismiss and notify}
Session ID: 0fba2fd0-dcd9-4838-a867-34b7fc31d9c9
*** Element info: {Using=xpath, value=/html/body/div[2]/div[1]/form/div/button}
	at org.openqa.selenium.remote.http.W3CHttpResponseCodec.createException(W3CHttpResponseCodec.java:187)
	at org.openqa.selenium.remote.http.W3CHttpResponseCodec.decode(W3CHttpResponseCodec.java:122)
	at org.openqa.selenium.remote.http.W3CHttpResponseCodec.decode(W3CHttpResponseCodec.java:49)
	at org.openqa.selenium.remote.HttpCommandExecutor.execute(HttpCommandExecutor.java:158)
	at org.openqa.selenium.remote.service.DriverCommandExecutor.execute(DriverCommandExecutor.java:83)
	at org.openqa.selenium.remote.RemoteWebDriver.execute(RemoteWebDriver.java:552)
	at org.openqa.selenium.remote.RemoteWebDriver.findElement(RemoteWebDriver.java:323)
	at org.openqa.selenium.remote.RemoteWebDriver.findElementByXPath(RemoteWebDriver.java:428)
	at org.openqa.selenium.By$ByXPath.findElement(By.java:353)
	at org.openqa.selenium.remote.RemoteWebDriver.findElement(RemoteWebDriver.java:315)
	at liumeining.DemoTest.test8(DemoTest.java:141)
... Removed 27 stack frames]]>
    </failure>
  </testcase> <!-- test8 -->
  <testcase name="test9" time="7.851" classname="liumeining.DemoTest"/>
  <testcase name="test10" time="8.102" classname="liumeining.DemoTest"/>
  <testcase name="test11" time="8.12" classname="liumeining.DemoTest"/>
  <testcase name="test12" time="7.802" classname="liumeining.DemoTest"/>
  <testcase name="test13" time="16.263" classname="liumeining.DemoTest"/>
  <testcase name="test14" time="16.488" classname="liumeining.DemoTest"/>
  <testcase name="test15" time="16.299" classname="liumeining.DemoTest"/>
  <testcase name="test16" time="16.227" classname="liumeining.DemoTest"/>
  <testcase name="test17" time="12.862" classname="liumeining.DemoTest"/>
  <testcase name="test18" time="13.147" classname="liumeining.DemoTest"/>
  <testcase name="test1920212223" time="18.105" classname="liumeining.DemoTest"/>
  <testcase name="test1920212223" time="3.016" classname="liumeining.DemoTest">
    <failure type="org.openqa.selenium.interactions.MoveTargetOutOfBoundsException" message="(607, -181) is out of bounds of viewport width (1536) and height (728)
Build info: version: &amp;apos;3.141.59&amp;apos;, revision: &amp;apos;e82be7d358&amp;apos;, time: &amp;apos;2018-11-14T08:25:53&amp;apos;
System info: host: &amp;apos;DESKTOP-UDJ5PR4&amp;apos;, ip: &amp;apos;169.254.170.10&amp;apos;, os.name: &amp;apos;Windows 10&amp;apos;, os.arch: &amp;apos;amd64&amp;apos;, os.version: &amp;apos;10.0&amp;apos;, java.version: &amp;apos;1.8.0_73&amp;apos;
Driver info: org.openqa.selenium.firefox.FirefoxDriver
Capabilities {acceptInsecureCerts: true, browserName: firefox, browserVersion: 65.0.2, javascriptEnabled: true, moz:accessibilityChecks: false, moz:geckodriverVersion: 0.24.0, moz:headless: false, moz:processID: 17448, moz:profile: C:\Users\dell\AppData\Local..., moz:shutdownTimeout: 60000, moz:useNonSpecCompliantPointerOrigin: false, moz:webdriverClick: true, pageLoadStrategy: normal, platform: WINDOWS, platformName: WINDOWS, platformVersion: 10.0, rotatable: false, setWindowRect: true, strictFileInteractability: false, timeouts: {implicit: 0, pageLoad: 300000, script: 30000}, unhandledPromptBehavior: dismiss and notify}
Session ID: 0fba2fd0-dcd9-4838-a867-34b7fc31d9c9">
      <![CDATA[org.openqa.selenium.interactions.MoveTargetOutOfBoundsException: (607, -181) is out of bounds of viewport width (1536) and height (728)
Build info: version: '3.141.59', revision: 'e82be7d358', time: '2018-11-14T08:25:53'
System info: host: 'DESKTOP-UDJ5PR4', ip: '169.254.170.10', os.name: 'Windows 10', os.arch: 'amd64', os.version: '10.0', java.version: '1.8.0_73'
Driver info: org.openqa.selenium.firefox.FirefoxDriver
Capabilities {acceptInsecureCerts: true, browserName: firefox, browserVersion: 65.0.2, javascriptEnabled: true, moz:accessibilityChecks: false, moz:geckodriverVersion: 0.24.0, moz:headless: false, moz:processID: 17448, moz:profile: C:\Users\dell\AppData\Local..., moz:shutdownTimeout: 60000, moz:useNonSpecCompliantPointerOrigin: false, moz:webdriverClick: true, pageLoadStrategy: normal, platform: WINDOWS, platformName: WINDOWS, platformVersion: 10.0, rotatable: false, setWindowRect: true, strictFileInteractability: false, timeouts: {implicit: 0, pageLoad: 300000, script: 30000}, unhandledPromptBehavior: dismiss and notify}
Session ID: 0fba2fd0-dcd9-4838-a867-34b7fc31d9c9
	at org.openqa.selenium.remote.http.W3CHttpResponseCodec.createException(W3CHttpResponseCodec.java:187)
	at org.openqa.selenium.remote.http.W3CHttpResponseCodec.decode(W3CHttpResponseCodec.java:122)
	at org.openqa.selenium.remote.http.W3CHttpResponseCodec.decode(W3CHttpResponseCodec.java:49)
	at org.openqa.selenium.remote.HttpCommandExecutor.execute(HttpCommandExecutor.java:158)
	at org.openqa.selenium.remote.service.DriverCommandExecutor.execute(DriverCommandExecutor.java:83)
	at org.openqa.selenium.remote.RemoteWebDriver.execute(RemoteWebDriver.java:552)
	at org.openqa.selenium.remote.RemoteWebDriver.perform(RemoteWebDriver.java:618)
	at org.openqa.selenium.interactions.Actions$BuiltAction.perform(Actions.java:639)
	at org.openqa.selenium.interactions.Actions.perform(Actions.java:595)
	at com.webtest.core.WebDriverEngine.mouseoverElement(WebDriverEngine.java:265)
	at liumeining.DemoTest.test1920212223(DemoTest.java:341)
... Removed 28 stack frames]]>
    </failure>
  </testcase> <!-- test1920212223 -->
  <testcase name="test1920212223" time="3.033" classname="liumeining.DemoTest">
    <failure type="org.openqa.selenium.interactions.MoveTargetOutOfBoundsException" message="(607, -181) is out of bounds of viewport width (1536) and height (728)
Build info: version: &amp;apos;3.141.59&amp;apos;, revision: &amp;apos;e82be7d358&amp;apos;, time: &amp;apos;2018-11-14T08:25:53&amp;apos;
System info: host: &amp;apos;DESKTOP-UDJ5PR4&amp;apos;, ip: &amp;apos;169.254.170.10&amp;apos;, os.name: &amp;apos;Windows 10&amp;apos;, os.arch: &amp;apos;amd64&amp;apos;, os.version: &amp;apos;10.0&amp;apos;, java.version: &amp;apos;1.8.0_73&amp;apos;
Driver info: org.openqa.selenium.firefox.FirefoxDriver
Capabilities {acceptInsecureCerts: true, browserName: firefox, browserVersion: 65.0.2, javascriptEnabled: true, moz:accessibilityChecks: false, moz:geckodriverVersion: 0.24.0, moz:headless: false, moz:processID: 17448, moz:profile: C:\Users\dell\AppData\Local..., moz:shutdownTimeout: 60000, moz:useNonSpecCompliantPointerOrigin: false, moz:webdriverClick: true, pageLoadStrategy: normal, platform: WINDOWS, platformName: WINDOWS, platformVersion: 10.0, rotatable: false, setWindowRect: true, strictFileInteractability: false, timeouts: {implicit: 0, pageLoad: 300000, script: 30000}, unhandledPromptBehavior: dismiss and notify}
Session ID: 0fba2fd0-dcd9-4838-a867-34b7fc31d9c9">
      <![CDATA[org.openqa.selenium.interactions.MoveTargetOutOfBoundsException: (607, -181) is out of bounds of viewport width (1536) and height (728)
Build info: version: '3.141.59', revision: 'e82be7d358', time: '2018-11-14T08:25:53'
System info: host: 'DESKTOP-UDJ5PR4', ip: '169.254.170.10', os.name: 'Windows 10', os.arch: 'amd64', os.version: '10.0', java.version: '1.8.0_73'
Driver info: org.openqa.selenium.firefox.FirefoxDriver
Capabilities {acceptInsecureCerts: true, browserName: firefox, browserVersion: 65.0.2, javascriptEnabled: true, moz:accessibilityChecks: false, moz:geckodriverVersion: 0.24.0, moz:headless: false, moz:processID: 17448, moz:profile: C:\Users\dell\AppData\Local..., moz:shutdownTimeout: 60000, moz:useNonSpecCompliantPointerOrigin: false, moz:webdriverClick: true, pageLoadStrategy: normal, platform: WINDOWS, platformName: WINDOWS, platformVersion: 10.0, rotatable: false, setWindowRect: true, strictFileInteractability: false, timeouts: {implicit: 0, pageLoad: 300000, script: 30000}, unhandledPromptBehavior: dismiss and notify}
Session ID: 0fba2fd0-dcd9-4838-a867-34b7fc31d9c9
	at org.openqa.selenium.remote.http.W3CHttpResponseCodec.createException(W3CHttpResponseCodec.java:187)
	at org.openqa.selenium.remote.http.W3CHttpResponseCodec.decode(W3CHttpResponseCodec.java:122)
	at org.openqa.selenium.remote.http.W3CHttpResponseCodec.decode(W3CHttpResponseCodec.java:49)
	at org.openqa.selenium.remote.HttpCommandExecutor.execute(HttpCommandExecutor.java:158)
	at org.openqa.selenium.remote.service.DriverCommandExecutor.execute(DriverCommandExecutor.java:83)
	at org.openqa.selenium.remote.RemoteWebDriver.execute(RemoteWebDriver.java:552)
	at org.openqa.selenium.remote.RemoteWebDriver.perform(RemoteWebDriver.java:618)
	at org.openqa.selenium.interactions.Actions$BuiltAction.perform(Actions.java:639)
	at org.openqa.selenium.interactions.Actions.perform(Actions.java:595)
	at com.webtest.core.WebDriverEngine.mouseoverElement(WebDriverEngine.java:265)
	at liumeining.DemoTest.test1920212223(DemoTest.java:341)
... Removed 28 stack frames]]>
    </failure>
  </testcase> <!-- test1920212223 -->
  <testcase name="test1920212223" time="3.021" classname="liumeining.DemoTest">
    <failure type="org.openqa.selenium.interactions.MoveTargetOutOfBoundsException" message="(607, -181) is out of bounds of viewport width (1536) and height (728)
Build info: version: &amp;apos;3.141.59&amp;apos;, revision: &amp;apos;e82be7d358&amp;apos;, time: &amp;apos;2018-11-14T08:25:53&amp;apos;
System info: host: &amp;apos;DESKTOP-UDJ5PR4&amp;apos;, ip: &amp;apos;169.254.170.10&amp;apos;, os.name: &amp;apos;Windows 10&amp;apos;, os.arch: &amp;apos;amd64&amp;apos;, os.version: &amp;apos;10.0&amp;apos;, java.version: &amp;apos;1.8.0_73&amp;apos;
Driver info: org.openqa.selenium.firefox.FirefoxDriver
Capabilities {acceptInsecureCerts: true, browserName: firefox, browserVersion: 65.0.2, javascriptEnabled: true, moz:accessibilityChecks: false, moz:geckodriverVersion: 0.24.0, moz:headless: false, moz:processID: 17448, moz:profile: C:\Users\dell\AppData\Local..., moz:shutdownTimeout: 60000, moz:useNonSpecCompliantPointerOrigin: false, moz:webdriverClick: true, pageLoadStrategy: normal, platform: WINDOWS, platformName: WINDOWS, platformVersion: 10.0, rotatable: false, setWindowRect: true, strictFileInteractability: false, timeouts: {implicit: 0, pageLoad: 300000, script: 30000}, unhandledPromptBehavior: dismiss and notify}
Session ID: 0fba2fd0-dcd9-4838-a867-34b7fc31d9c9">
      <![CDATA[org.openqa.selenium.interactions.MoveTargetOutOfBoundsException: (607, -181) is out of bounds of viewport width (1536) and height (728)
Build info: version: '3.141.59', revision: 'e82be7d358', time: '2018-11-14T08:25:53'
System info: host: 'DESKTOP-UDJ5PR4', ip: '169.254.170.10', os.name: 'Windows 10', os.arch: 'amd64', os.version: '10.0', java.version: '1.8.0_73'
Driver info: org.openqa.selenium.firefox.FirefoxDriver
Capabilities {acceptInsecureCerts: true, browserName: firefox, browserVersion: 65.0.2, javascriptEnabled: true, moz:accessibilityChecks: false, moz:geckodriverVersion: 0.24.0, moz:headless: false, moz:processID: 17448, moz:profile: C:\Users\dell\AppData\Local..., moz:shutdownTimeout: 60000, moz:useNonSpecCompliantPointerOrigin: false, moz:webdriverClick: true, pageLoadStrategy: normal, platform: WINDOWS, platformName: WINDOWS, platformVersion: 10.0, rotatable: false, setWindowRect: true, strictFileInteractability: false, timeouts: {implicit: 0, pageLoad: 300000, script: 30000}, unhandledPromptBehavior: dismiss and notify}
Session ID: 0fba2fd0-dcd9-4838-a867-34b7fc31d9c9
	at org.openqa.selenium.remote.http.W3CHttpResponseCodec.createException(W3CHttpResponseCodec.java:187)
	at org.openqa.selenium.remote.http.W3CHttpResponseCodec.decode(W3CHttpResponseCodec.java:122)
	at org.openqa.selenium.remote.http.W3CHttpResponseCodec.decode(W3CHttpResponseCodec.java:49)
	at org.openqa.selenium.remote.HttpCommandExecutor.execute(HttpCommandExecutor.java:158)
	at org.openqa.selenium.remote.service.DriverCommandExecutor.execute(DriverCommandExecutor.java:83)
	at org.openqa.selenium.remote.RemoteWebDriver.execute(RemoteWebDriver.java:552)
	at org.openqa.selenium.remote.RemoteWebDriver.perform(RemoteWebDriver.java:618)
	at org.openqa.selenium.interactions.Actions$BuiltAction.perform(Actions.java:639)
	at org.openqa.selenium.interactions.Actions.perform(Actions.java:595)
	at com.webtest.core.WebDriverEngine.mouseoverElement(WebDriverEngine.java:265)
	at liumeining.DemoTest.test1920212223(DemoTest.java:341)
... Removed 28 stack frames]]>
    </failure>
  </testcase> <!-- test1920212223 -->
  <testcase name="test1920212223" time="3.014" classname="liumeining.DemoTest">
    <failure type="org.openqa.selenium.interactions.MoveTargetOutOfBoundsException" message="(607, -181) is out of bounds of viewport width (1536) and height (728)
Build info: version: &amp;apos;3.141.59&amp;apos;, revision: &amp;apos;e82be7d358&amp;apos;, time: &amp;apos;2018-11-14T08:25:53&amp;apos;
System info: host: &amp;apos;DESKTOP-UDJ5PR4&amp;apos;, ip: &amp;apos;169.254.170.10&amp;apos;, os.name: &amp;apos;Windows 10&amp;apos;, os.arch: &amp;apos;amd64&amp;apos;, os.version: &amp;apos;10.0&amp;apos;, java.version: &amp;apos;1.8.0_73&amp;apos;
Driver info: org.openqa.selenium.firefox.FirefoxDriver
Capabilities {acceptInsecureCerts: true, browserName: firefox, browserVersion: 65.0.2, javascriptEnabled: true, moz:accessibilityChecks: false, moz:geckodriverVersion: 0.24.0, moz:headless: false, moz:processID: 17448, moz:profile: C:\Users\dell\AppData\Local..., moz:shutdownTimeout: 60000, moz:useNonSpecCompliantPointerOrigin: false, moz:webdriverClick: true, pageLoadStrategy: normal, platform: WINDOWS, platformName: WINDOWS, platformVersion: 10.0, rotatable: false, setWindowRect: true, strictFileInteractability: false, timeouts: {implicit: 0, pageLoad: 300000, script: 30000}, unhandledPromptBehavior: dismiss and notify}
Session ID: 0fba2fd0-dcd9-4838-a867-34b7fc31d9c9">
      <![CDATA[org.openqa.selenium.interactions.MoveTargetOutOfBoundsException: (607, -181) is out of bounds of viewport width (1536) and height (728)
Build info: version: '3.141.59', revision: 'e82be7d358', time: '2018-11-14T08:25:53'
System info: host: 'DESKTOP-UDJ5PR4', ip: '169.254.170.10', os.name: 'Windows 10', os.arch: 'amd64', os.version: '10.0', java.version: '1.8.0_73'
Driver info: org.openqa.selenium.firefox.FirefoxDriver
Capabilities {acceptInsecureCerts: true, browserName: firefox, browserVersion: 65.0.2, javascriptEnabled: true, moz:accessibilityChecks: false, moz:geckodriverVersion: 0.24.0, moz:headless: false, moz:processID: 17448, moz:profile: C:\Users\dell\AppData\Local..., moz:shutdownTimeout: 60000, moz:useNonSpecCompliantPointerOrigin: false, moz:webdriverClick: true, pageLoadStrategy: normal, platform: WINDOWS, platformName: WINDOWS, platformVersion: 10.0, rotatable: false, setWindowRect: true, strictFileInteractability: false, timeouts: {implicit: 0, pageLoad: 300000, script: 30000}, unhandledPromptBehavior: dismiss and notify}
Session ID: 0fba2fd0-dcd9-4838-a867-34b7fc31d9c9
	at org.openqa.selenium.remote.http.W3CHttpResponseCodec.createException(W3CHttpResponseCodec.java:187)
	at org.openqa.selenium.remote.http.W3CHttpResponseCodec.decode(W3CHttpResponseCodec.java:122)
	at org.openqa.selenium.remote.http.W3CHttpResponseCodec.decode(W3CHttpResponseCodec.java:49)
	at org.openqa.selenium.remote.HttpCommandExecutor.execute(HttpCommandExecutor.java:158)
	at org.openqa.selenium.remote.service.DriverCommandExecutor.execute(DriverCommandExecutor.java:83)
	at org.openqa.selenium.remote.RemoteWebDriver.execute(RemoteWebDriver.java:552)
	at org.openqa.selenium.remote.RemoteWebDriver.perform(RemoteWebDriver.java:618)
	at org.openqa.selenium.interactions.Actions$BuiltAction.perform(Actions.java:639)
	at org.openqa.selenium.interactions.Actions.perform(Actions.java:595)
	at com.webtest.core.WebDriverEngine.mouseoverElement(WebDriverEngine.java:265)
	at liumeining.DemoTest.test1920212223(DemoTest.java:341)
... Removed 28 stack frames]]>
    </failure>
  </testcase> <!-- test1920212223 -->
  <testcase name="test24" time="0.024" classname="liumeining.DemoTest">
    <failure type="org.openqa.selenium.interactions.MoveTargetOutOfBoundsException" message="(607, -181) is out of bounds of viewport width (1536) and height (728)
Build info: version: &amp;apos;3.141.59&amp;apos;, revision: &amp;apos;e82be7d358&amp;apos;, time: &amp;apos;2018-11-14T08:25:53&amp;apos;
System info: host: &amp;apos;DESKTOP-UDJ5PR4&amp;apos;, ip: &amp;apos;169.254.170.10&amp;apos;, os.name: &amp;apos;Windows 10&amp;apos;, os.arch: &amp;apos;amd64&amp;apos;, os.version: &amp;apos;10.0&amp;apos;, java.version: &amp;apos;1.8.0_73&amp;apos;
Driver info: org.openqa.selenium.firefox.FirefoxDriver
Capabilities {acceptInsecureCerts: true, browserName: firefox, browserVersion: 65.0.2, javascriptEnabled: true, moz:accessibilityChecks: false, moz:geckodriverVersion: 0.24.0, moz:headless: false, moz:processID: 17448, moz:profile: C:\Users\dell\AppData\Local..., moz:shutdownTimeout: 60000, moz:useNonSpecCompliantPointerOrigin: false, moz:webdriverClick: true, pageLoadStrategy: normal, platform: WINDOWS, platformName: WINDOWS, platformVersion: 10.0, rotatable: false, setWindowRect: true, strictFileInteractability: false, timeouts: {implicit: 0, pageLoad: 300000, script: 30000}, unhandledPromptBehavior: dismiss and notify}
Session ID: 0fba2fd0-dcd9-4838-a867-34b7fc31d9c9">
      <![CDATA[org.openqa.selenium.interactions.MoveTargetOutOfBoundsException: (607, -181) is out of bounds of viewport width (1536) and height (728)
Build info: version: '3.141.59', revision: 'e82be7d358', time: '2018-11-14T08:25:53'
System info: host: 'DESKTOP-UDJ5PR4', ip: '169.254.170.10', os.name: 'Windows 10', os.arch: 'amd64', os.version: '10.0', java.version: '1.8.0_73'
Driver info: org.openqa.selenium.firefox.FirefoxDriver
Capabilities {acceptInsecureCerts: true, browserName: firefox, browserVersion: 65.0.2, javascriptEnabled: true, moz:accessibilityChecks: false, moz:geckodriverVersion: 0.24.0, moz:headless: false, moz:processID: 17448, moz:profile: C:\Users\dell\AppData\Local..., moz:shutdownTimeout: 60000, moz:useNonSpecCompliantPointerOrigin: false, moz:webdriverClick: true, pageLoadStrategy: normal, platform: WINDOWS, platformName: WINDOWS, platformVersion: 10.0, rotatable: false, setWindowRect: true, strictFileInteractability: false, timeouts: {implicit: 0, pageLoad: 300000, script: 30000}, unhandledPromptBehavior: dismiss and notify}
Session ID: 0fba2fd0-dcd9-4838-a867-34b7fc31d9c9
	at org.openqa.selenium.remote.http.W3CHttpResponseCodec.createException(W3CHttpResponseCodec.java:187)
	at org.openqa.selenium.remote.http.W3CHttpResponseCodec.decode(W3CHttpResponseCodec.java:122)
	at org.openqa.selenium.remote.http.W3CHttpResponseCodec.decode(W3CHttpResponseCodec.java:49)
	at org.openqa.selenium.remote.HttpCommandExecutor.execute(HttpCommandExecutor.java:158)
	at org.openqa.selenium.remote.service.DriverCommandExecutor.execute(DriverCommandExecutor.java:83)
	at org.openqa.selenium.remote.RemoteWebDriver.execute(RemoteWebDriver.java:552)
	at org.openqa.selenium.remote.RemoteWebDriver.perform(RemoteWebDriver.java:618)
	at org.openqa.selenium.interactions.Actions$BuiltAction.perform(Actions.java:639)
	at org.openqa.selenium.interactions.Actions.perform(Actions.java:595)
	at com.webtest.core.WebDriverEngine.mouseoverElement(WebDriverEngine.java:265)
	at liumeining.DemoTest.test24(DemoTest.java:361)
... Removed 28 stack frames]]>
    </failure>
  </testcase> <!-- test24 -->
  <testcase name="test25" time="0.025" classname="liumeining.DemoTest">
    <failure type="org.openqa.selenium.interactions.MoveTargetOutOfBoundsException" message="(607, -181) is out of bounds of viewport width (1536) and height (728)
Build info: version: &amp;apos;3.141.59&amp;apos;, revision: &amp;apos;e82be7d358&amp;apos;, time: &amp;apos;2018-11-14T08:25:53&amp;apos;
System info: host: &amp;apos;DESKTOP-UDJ5PR4&amp;apos;, ip: &amp;apos;169.254.170.10&amp;apos;, os.name: &amp;apos;Windows 10&amp;apos;, os.arch: &amp;apos;amd64&amp;apos;, os.version: &amp;apos;10.0&amp;apos;, java.version: &amp;apos;1.8.0_73&amp;apos;
Driver info: org.openqa.selenium.firefox.FirefoxDriver
Capabilities {acceptInsecureCerts: true, browserName: firefox, browserVersion: 65.0.2, javascriptEnabled: true, moz:accessibilityChecks: false, moz:geckodriverVersion: 0.24.0, moz:headless: false, moz:processID: 17448, moz:profile: C:\Users\dell\AppData\Local..., moz:shutdownTimeout: 60000, moz:useNonSpecCompliantPointerOrigin: false, moz:webdriverClick: true, pageLoadStrategy: normal, platform: WINDOWS, platformName: WINDOWS, platformVersion: 10.0, rotatable: false, setWindowRect: true, strictFileInteractability: false, timeouts: {implicit: 0, pageLoad: 300000, script: 30000}, unhandledPromptBehavior: dismiss and notify}
Session ID: 0fba2fd0-dcd9-4838-a867-34b7fc31d9c9">
      <![CDATA[org.openqa.selenium.interactions.MoveTargetOutOfBoundsException: (607, -181) is out of bounds of viewport width (1536) and height (728)
Build info: version: '3.141.59', revision: 'e82be7d358', time: '2018-11-14T08:25:53'
System info: host: 'DESKTOP-UDJ5PR4', ip: '169.254.170.10', os.name: 'Windows 10', os.arch: 'amd64', os.version: '10.0', java.version: '1.8.0_73'
Driver info: org.openqa.selenium.firefox.FirefoxDriver
Capabilities {acceptInsecureCerts: true, browserName: firefox, browserVersion: 65.0.2, javascriptEnabled: true, moz:accessibilityChecks: false, moz:geckodriverVersion: 0.24.0, moz:headless: false, moz:processID: 17448, moz:profile: C:\Users\dell\AppData\Local..., moz:shutdownTimeout: 60000, moz:useNonSpecCompliantPointerOrigin: false, moz:webdriverClick: true, pageLoadStrategy: normal, platform: WINDOWS, platformName: WINDOWS, platformVersion: 10.0, rotatable: false, setWindowRect: true, strictFileInteractability: false, timeouts: {implicit: 0, pageLoad: 300000, script: 30000}, unhandledPromptBehavior: dismiss and notify}
Session ID: 0fba2fd0-dcd9-4838-a867-34b7fc31d9c9
	at org.openqa.selenium.remote.http.W3CHttpResponseCodec.createException(W3CHttpResponseCodec.java:187)
	at org.openqa.selenium.remote.http.W3CHttpResponseCodec.decode(W3CHttpResponseCodec.java:122)
	at org.openqa.selenium.remote.http.W3CHttpResponseCodec.decode(W3CHttpResponseCodec.java:49)
	at org.openqa.selenium.remote.HttpCommandExecutor.execute(HttpCommandExecutor.java:158)
	at org.openqa.selenium.remote.service.DriverCommandExecutor.execute(DriverCommandExecutor.java:83)
	at org.openqa.selenium.remote.RemoteWebDriver.execute(RemoteWebDriver.java:552)
	at org.openqa.selenium.remote.RemoteWebDriver.perform(RemoteWebDriver.java:618)
	at org.openqa.selenium.interactions.Actions$BuiltAction.perform(Actions.java:639)
	at org.openqa.selenium.interactions.Actions.perform(Actions.java:595)
	at com.webtest.core.WebDriverEngine.mouseoverElement(WebDriverEngine.java:265)
	at liumeining.DemoTest.test25(DemoTest.java:386)
... Removed 28 stack frames]]>
    </failure>
  </testcase> <!-- test25 -->
  <testcase name="test26" time="0.038" classname="liumeining.DemoTest">
    <failure type="org.openqa.selenium.interactions.MoveTargetOutOfBoundsException" message="(607, -181) is out of bounds of viewport width (1536) and height (728)
Build info: version: &amp;apos;3.141.59&amp;apos;, revision: &amp;apos;e82be7d358&amp;apos;, time: &amp;apos;2018-11-14T08:25:53&amp;apos;
System info: host: &amp;apos;DESKTOP-UDJ5PR4&amp;apos;, ip: &amp;apos;169.254.170.10&amp;apos;, os.name: &amp;apos;Windows 10&amp;apos;, os.arch: &amp;apos;amd64&amp;apos;, os.version: &amp;apos;10.0&amp;apos;, java.version: &amp;apos;1.8.0_73&amp;apos;
Driver info: org.openqa.selenium.firefox.FirefoxDriver
Capabilities {acceptInsecureCerts: true, browserName: firefox, browserVersion: 65.0.2, javascriptEnabled: true, moz:accessibilityChecks: false, moz:geckodriverVersion: 0.24.0, moz:headless: false, moz:processID: 17448, moz:profile: C:\Users\dell\AppData\Local..., moz:shutdownTimeout: 60000, moz:useNonSpecCompliantPointerOrigin: false, moz:webdriverClick: true, pageLoadStrategy: normal, platform: WINDOWS, platformName: WINDOWS, platformVersion: 10.0, rotatable: false, setWindowRect: true, strictFileInteractability: false, timeouts: {implicit: 0, pageLoad: 300000, script: 30000}, unhandledPromptBehavior: dismiss and notify}
Session ID: 0fba2fd0-dcd9-4838-a867-34b7fc31d9c9">
      <![CDATA[org.openqa.selenium.interactions.MoveTargetOutOfBoundsException: (607, -181) is out of bounds of viewport width (1536) and height (728)
Build info: version: '3.141.59', revision: 'e82be7d358', time: '2018-11-14T08:25:53'
System info: host: 'DESKTOP-UDJ5PR4', ip: '169.254.170.10', os.name: 'Windows 10', os.arch: 'amd64', os.version: '10.0', java.version: '1.8.0_73'
Driver info: org.openqa.selenium.firefox.FirefoxDriver
Capabilities {acceptInsecureCerts: true, browserName: firefox, browserVersion: 65.0.2, javascriptEnabled: true, moz:accessibilityChecks: false, moz:geckodriverVersion: 0.24.0, moz:headless: false, moz:processID: 17448, moz:profile: C:\Users\dell\AppData\Local..., moz:shutdownTimeout: 60000, moz:useNonSpecCompliantPointerOrigin: false, moz:webdriverClick: true, pageLoadStrategy: normal, platform: WINDOWS, platformName: WINDOWS, platformVersion: 10.0, rotatable: false, setWindowRect: true, strictFileInteractability: false, timeouts: {implicit: 0, pageLoad: 300000, script: 30000}, unhandledPromptBehavior: dismiss and notify}
Session ID: 0fba2fd0-dcd9-4838-a867-34b7fc31d9c9
	at org.openqa.selenium.remote.http.W3CHttpResponseCodec.createException(W3CHttpResponseCodec.java:187)
	at org.openqa.selenium.remote.http.W3CHttpResponseCodec.decode(W3CHttpResponseCodec.java:122)
	at org.openqa.selenium.remote.http.W3CHttpResponseCodec.decode(W3CHttpResponseCodec.java:49)
	at org.openqa.selenium.remote.HttpCommandExecutor.execute(HttpCommandExecutor.java:158)
	at org.openqa.selenium.remote.service.DriverCommandExecutor.execute(DriverCommandExecutor.java:83)
	at org.openqa.selenium.remote.RemoteWebDriver.execute(RemoteWebDriver.java:552)
	at org.openqa.selenium.remote.RemoteWebDriver.perform(RemoteWebDriver.java:618)
	at org.openqa.selenium.interactions.Actions$BuiltAction.perform(Actions.java:639)
	at org.openqa.selenium.interactions.Actions.perform(Actions.java:595)
	at com.webtest.core.WebDriverEngine.mouseoverElement(WebDriverEngine.java:265)
	at liumeining.DemoTest.test26(DemoTest.java:411)
... Removed 28 stack frames]]>
    </failure>
  </testcase> <!-- test26 -->
  <testcase name="test27" time="0.028" classname="liumeining.DemoTest">
    <failure type="org.openqa.selenium.interactions.MoveTargetOutOfBoundsException" message="(607, -181) is out of bounds of viewport width (1536) and height (728)
Build info: version: &amp;apos;3.141.59&amp;apos;, revision: &amp;apos;e82be7d358&amp;apos;, time: &amp;apos;2018-11-14T08:25:53&amp;apos;
System info: host: &amp;apos;DESKTOP-UDJ5PR4&amp;apos;, ip: &amp;apos;169.254.170.10&amp;apos;, os.name: &amp;apos;Windows 10&amp;apos;, os.arch: &amp;apos;amd64&amp;apos;, os.version: &amp;apos;10.0&amp;apos;, java.version: &amp;apos;1.8.0_73&amp;apos;
Driver info: org.openqa.selenium.firefox.FirefoxDriver
Capabilities {acceptInsecureCerts: true, browserName: firefox, browserVersion: 65.0.2, javascriptEnabled: true, moz:accessibilityChecks: false, moz:geckodriverVersion: 0.24.0, moz:headless: false, moz:processID: 17448, moz:profile: C:\Users\dell\AppData\Local..., moz:shutdownTimeout: 60000, moz:useNonSpecCompliantPointerOrigin: false, moz:webdriverClick: true, pageLoadStrategy: normal, platform: WINDOWS, platformName: WINDOWS, platformVersion: 10.0, rotatable: false, setWindowRect: true, strictFileInteractability: false, timeouts: {implicit: 0, pageLoad: 300000, script: 30000}, unhandledPromptBehavior: dismiss and notify}
Session ID: 0fba2fd0-dcd9-4838-a867-34b7fc31d9c9">
      <![CDATA[org.openqa.selenium.interactions.MoveTargetOutOfBoundsException: (607, -181) is out of bounds of viewport width (1536) and height (728)
Build info: version: '3.141.59', revision: 'e82be7d358', time: '2018-11-14T08:25:53'
System info: host: 'DESKTOP-UDJ5PR4', ip: '169.254.170.10', os.name: 'Windows 10', os.arch: 'amd64', os.version: '10.0', java.version: '1.8.0_73'
Driver info: org.openqa.selenium.firefox.FirefoxDriver
Capabilities {acceptInsecureCerts: true, browserName: firefox, browserVersion: 65.0.2, javascriptEnabled: true, moz:accessibilityChecks: false, moz:geckodriverVersion: 0.24.0, moz:headless: false, moz:processID: 17448, moz:profile: C:\Users\dell\AppData\Local..., moz:shutdownTimeout: 60000, moz:useNonSpecCompliantPointerOrigin: false, moz:webdriverClick: true, pageLoadStrategy: normal, platform: WINDOWS, platformName: WINDOWS, platformVersion: 10.0, rotatable: false, setWindowRect: true, strictFileInteractability: false, timeouts: {implicit: 0, pageLoad: 300000, script: 30000}, unhandledPromptBehavior: dismiss and notify}
Session ID: 0fba2fd0-dcd9-4838-a867-34b7fc31d9c9
	at org.openqa.selenium.remote.http.W3CHttpResponseCodec.createException(W3CHttpResponseCodec.java:187)
	at org.openqa.selenium.remote.http.W3CHttpResponseCodec.decode(W3CHttpResponseCodec.java:122)
	at org.openqa.selenium.remote.http.W3CHttpResponseCodec.decode(W3CHttpResponseCodec.java:49)
	at org.openqa.selenium.remote.HttpCommandExecutor.execute(HttpCommandExecutor.java:158)
	at org.openqa.selenium.remote.service.DriverCommandExecutor.execute(DriverCommandExecutor.java:83)
	at org.openqa.selenium.remote.RemoteWebDriver.execute(RemoteWebDriver.java:552)
	at org.openqa.selenium.remote.RemoteWebDriver.perform(RemoteWebDriver.java:618)
	at org.openqa.selenium.interactions.Actions$BuiltAction.perform(Actions.java:639)
	at org.openqa.selenium.interactions.Actions.perform(Actions.java:595)
	at com.webtest.core.WebDriverEngine.mouseoverElement(WebDriverEngine.java:265)
	at liumeining.DemoTest.test27(DemoTest.java:435)
... Removed 28 stack frames]]>
    </failure>
  </testcase> <!-- test27 -->
  <testcase name="test28" time="0.032" classname="liumeining.DemoTest">
    <failure type="org.openqa.selenium.interactions.MoveTargetOutOfBoundsException" message="(607, -181) is out of bounds of viewport width (1536) and height (728)
Build info: version: &amp;apos;3.141.59&amp;apos;, revision: &amp;apos;e82be7d358&amp;apos;, time: &amp;apos;2018-11-14T08:25:53&amp;apos;
System info: host: &amp;apos;DESKTOP-UDJ5PR4&amp;apos;, ip: &amp;apos;169.254.170.10&amp;apos;, os.name: &amp;apos;Windows 10&amp;apos;, os.arch: &amp;apos;amd64&amp;apos;, os.version: &amp;apos;10.0&amp;apos;, java.version: &amp;apos;1.8.0_73&amp;apos;
Driver info: org.openqa.selenium.firefox.FirefoxDriver
Capabilities {acceptInsecureCerts: true, browserName: firefox, browserVersion: 65.0.2, javascriptEnabled: true, moz:accessibilityChecks: false, moz:geckodriverVersion: 0.24.0, moz:headless: false, moz:processID: 17448, moz:profile: C:\Users\dell\AppData\Local..., moz:shutdownTimeout: 60000, moz:useNonSpecCompliantPointerOrigin: false, moz:webdriverClick: true, pageLoadStrategy: normal, platform: WINDOWS, platformName: WINDOWS, platformVersion: 10.0, rotatable: false, setWindowRect: true, strictFileInteractability: false, timeouts: {implicit: 0, pageLoad: 300000, script: 30000}, unhandledPromptBehavior: dismiss and notify}
Session ID: 0fba2fd0-dcd9-4838-a867-34b7fc31d9c9">
      <![CDATA[org.openqa.selenium.interactions.MoveTargetOutOfBoundsException: (607, -181) is out of bounds of viewport width (1536) and height (728)
Build info: version: '3.141.59', revision: 'e82be7d358', time: '2018-11-14T08:25:53'
System info: host: 'DESKTOP-UDJ5PR4', ip: '169.254.170.10', os.name: 'Windows 10', os.arch: 'amd64', os.version: '10.0', java.version: '1.8.0_73'
Driver info: org.openqa.selenium.firefox.FirefoxDriver
Capabilities {acceptInsecureCerts: true, browserName: firefox, browserVersion: 65.0.2, javascriptEnabled: true, moz:accessibilityChecks: false, moz:geckodriverVersion: 0.24.0, moz:headless: false, moz:processID: 17448, moz:profile: C:\Users\dell\AppData\Local..., moz:shutdownTimeout: 60000, moz:useNonSpecCompliantPointerOrigin: false, moz:webdriverClick: true, pageLoadStrategy: normal, platform: WINDOWS, platformName: WINDOWS, platformVersion: 10.0, rotatable: false, setWindowRect: true, strictFileInteractability: false, timeouts: {implicit: 0, pageLoad: 300000, script: 30000}, unhandledPromptBehavior: dismiss and notify}
Session ID: 0fba2fd0-dcd9-4838-a867-34b7fc31d9c9
	at org.openqa.selenium.remote.http.W3CHttpResponseCodec.createException(W3CHttpResponseCodec.java:187)
	at org.openqa.selenium.remote.http.W3CHttpResponseCodec.decode(W3CHttpResponseCodec.java:122)
	at org.openqa.selenium.remote.http.W3CHttpResponseCodec.decode(W3CHttpResponseCodec.java:49)
	at org.openqa.selenium.remote.HttpCommandExecutor.execute(HttpCommandExecutor.java:158)
	at org.openqa.selenium.remote.service.DriverCommandExecutor.execute(DriverCommandExecutor.java:83)
	at org.openqa.selenium.remote.RemoteWebDriver.execute(RemoteWebDriver.java:552)
	at org.openqa.selenium.remote.RemoteWebDriver.perform(RemoteWebDriver.java:618)
	at org.openqa.selenium.interactions.Actions$BuiltAction.perform(Actions.java:639)
	at org.openqa.selenium.interactions.Actions.perform(Actions.java:595)
	at com.webtest.core.WebDriverEngine.mouseoverElement(WebDriverEngine.java:265)
	at liumeining.DemoTest.test28(DemoTest.java:458)
... Removed 28 stack frames]]>
    </failure>
  </testcase> <!-- test28 -->
  <testcase name="test29" time="0.024" classname="liumeining.DemoTest">
    <failure type="org.openqa.selenium.interactions.MoveTargetOutOfBoundsException" message="(607, -181) is out of bounds of viewport width (1536) and height (728)
Build info: version: &amp;apos;3.141.59&amp;apos;, revision: &amp;apos;e82be7d358&amp;apos;, time: &amp;apos;2018-11-14T08:25:53&amp;apos;
System info: host: &amp;apos;DESKTOP-UDJ5PR4&amp;apos;, ip: &amp;apos;169.254.170.10&amp;apos;, os.name: &amp;apos;Windows 10&amp;apos;, os.arch: &amp;apos;amd64&amp;apos;, os.version: &amp;apos;10.0&amp;apos;, java.version: &amp;apos;1.8.0_73&amp;apos;
Driver info: org.openqa.selenium.firefox.FirefoxDriver
Capabilities {acceptInsecureCerts: true, browserName: firefox, browserVersion: 65.0.2, javascriptEnabled: true, moz:accessibilityChecks: false, moz:geckodriverVersion: 0.24.0, moz:headless: false, moz:processID: 17448, moz:profile: C:\Users\dell\AppData\Local..., moz:shutdownTimeout: 60000, moz:useNonSpecCompliantPointerOrigin: false, moz:webdriverClick: true, pageLoadStrategy: normal, platform: WINDOWS, platformName: WINDOWS, platformVersion: 10.0, rotatable: false, setWindowRect: true, strictFileInteractability: false, timeouts: {implicit: 0, pageLoad: 300000, script: 30000}, unhandledPromptBehavior: dismiss and notify}
Session ID: 0fba2fd0-dcd9-4838-a867-34b7fc31d9c9">
      <![CDATA[org.openqa.selenium.interactions.MoveTargetOutOfBoundsException: (607, -181) is out of bounds of viewport width (1536) and height (728)
Build info: version: '3.141.59', revision: 'e82be7d358', time: '2018-11-14T08:25:53'
System info: host: 'DESKTOP-UDJ5PR4', ip: '169.254.170.10', os.name: 'Windows 10', os.arch: 'amd64', os.version: '10.0', java.version: '1.8.0_73'
Driver info: org.openqa.selenium.firefox.FirefoxDriver
Capabilities {acceptInsecureCerts: true, browserName: firefox, browserVersion: 65.0.2, javascriptEnabled: true, moz:accessibilityChecks: false, moz:geckodriverVersion: 0.24.0, moz:headless: false, moz:processID: 17448, moz:profile: C:\Users\dell\AppData\Local..., moz:shutdownTimeout: 60000, moz:useNonSpecCompliantPointerOrigin: false, moz:webdriverClick: true, pageLoadStrategy: normal, platform: WINDOWS, platformName: WINDOWS, platformVersion: 10.0, rotatable: false, setWindowRect: true, strictFileInteractability: false, timeouts: {implicit: 0, pageLoad: 300000, script: 30000}, unhandledPromptBehavior: dismiss and notify}
Session ID: 0fba2fd0-dcd9-4838-a867-34b7fc31d9c9
	at org.openqa.selenium.remote.http.W3CHttpResponseCodec.createException(W3CHttpResponseCodec.java:187)
	at org.openqa.selenium.remote.http.W3CHttpResponseCodec.decode(W3CHttpResponseCodec.java:122)
	at org.openqa.selenium.remote.http.W3CHttpResponseCodec.decode(W3CHttpResponseCodec.java:49)
	at org.openqa.selenium.remote.HttpCommandExecutor.execute(HttpCommandExecutor.java:158)
	at org.openqa.selenium.remote.service.DriverCommandExecutor.execute(DriverCommandExecutor.java:83)
	at org.openqa.selenium.remote.RemoteWebDriver.execute(RemoteWebDriver.java:552)
	at org.openqa.selenium.remote.RemoteWebDriver.perform(RemoteWebDriver.java:618)
	at org.openqa.selenium.interactions.Actions$BuiltAction.perform(Actions.java:639)
	at org.openqa.selenium.interactions.Actions.perform(Actions.java:595)
	at com.webtest.core.WebDriverEngine.mouseoverElement(WebDriverEngine.java:265)
	at liumeining.DemoTest.test29(DemoTest.java:484)
... Removed 28 stack frames]]>
    </failure>
  </testcase> <!-- test29 -->
  <testcase name="test30" time="0.03" classname="liumeining.DemoTest">
    <failure type="org.openqa.selenium.interactions.MoveTargetOutOfBoundsException" message="(607, -181) is out of bounds of viewport width (1536) and height (728)
Build info: version: &amp;apos;3.141.59&amp;apos;, revision: &amp;apos;e82be7d358&amp;apos;, time: &amp;apos;2018-11-14T08:25:53&amp;apos;
System info: host: &amp;apos;DESKTOP-UDJ5PR4&amp;apos;, ip: &amp;apos;169.254.170.10&amp;apos;, os.name: &amp;apos;Windows 10&amp;apos;, os.arch: &amp;apos;amd64&amp;apos;, os.version: &amp;apos;10.0&amp;apos;, java.version: &amp;apos;1.8.0_73&amp;apos;
Driver info: org.openqa.selenium.firefox.FirefoxDriver
Capabilities {acceptInsecureCerts: true, browserName: firefox, browserVersion: 65.0.2, javascriptEnabled: true, moz:accessibilityChecks: false, moz:geckodriverVersion: 0.24.0, moz:headless: false, moz:processID: 17448, moz:profile: C:\Users\dell\AppData\Local..., moz:shutdownTimeout: 60000, moz:useNonSpecCompliantPointerOrigin: false, moz:webdriverClick: true, pageLoadStrategy: normal, platform: WINDOWS, platformName: WINDOWS, platformVersion: 10.0, rotatable: false, setWindowRect: true, strictFileInteractability: false, timeouts: {implicit: 0, pageLoad: 300000, script: 30000}, unhandledPromptBehavior: dismiss and notify}
Session ID: 0fba2fd0-dcd9-4838-a867-34b7fc31d9c9">
      <![CDATA[org.openqa.selenium.interactions.MoveTargetOutOfBoundsException: (607, -181) is out of bounds of viewport width (1536) and height (728)
Build info: version: '3.141.59', revision: 'e82be7d358', time: '2018-11-14T08:25:53'
System info: host: 'DESKTOP-UDJ5PR4', ip: '169.254.170.10', os.name: 'Windows 10', os.arch: 'amd64', os.version: '10.0', java.version: '1.8.0_73'
Driver info: org.openqa.selenium.firefox.FirefoxDriver
Capabilities {acceptInsecureCerts: true, browserName: firefox, browserVersion: 65.0.2, javascriptEnabled: true, moz:accessibilityChecks: false, moz:geckodriverVersion: 0.24.0, moz:headless: false, moz:processID: 17448, moz:profile: C:\Users\dell\AppData\Local..., moz:shutdownTimeout: 60000, moz:useNonSpecCompliantPointerOrigin: false, moz:webdriverClick: true, pageLoadStrategy: normal, platform: WINDOWS, platformName: WINDOWS, platformVersion: 10.0, rotatable: false, setWindowRect: true, strictFileInteractability: false, timeouts: {implicit: 0, pageLoad: 300000, script: 30000}, unhandledPromptBehavior: dismiss and notify}
Session ID: 0fba2fd0-dcd9-4838-a867-34b7fc31d9c9
	at org.openqa.selenium.remote.http.W3CHttpResponseCodec.createException(W3CHttpResponseCodec.java:187)
	at org.openqa.selenium.remote.http.W3CHttpResponseCodec.decode(W3CHttpResponseCodec.java:122)
	at org.openqa.selenium.remote.http.W3CHttpResponseCodec.decode(W3CHttpResponseCodec.java:49)
	at org.openqa.selenium.remote.HttpCommandExecutor.execute(HttpCommandExecutor.java:158)
	at org.openqa.selenium.remote.service.DriverCommandExecutor.execute(DriverCommandExecutor.java:83)
	at org.openqa.selenium.remote.RemoteWebDriver.execute(RemoteWebDriver.java:552)
	at org.openqa.selenium.remote.RemoteWebDriver.perform(RemoteWebDriver.java:618)
	at org.openqa.selenium.interactions.Actions$BuiltAction.perform(Actions.java:639)
	at org.openqa.selenium.interactions.Actions.perform(Actions.java:595)
	at com.webtest.core.WebDriverEngine.mouseoverElement(WebDriverEngine.java:265)
	at liumeining.DemoTest.test30(DemoTest.java:495)
... Removed 28 stack frames]]>
    </failure>
  </testcase> <!-- test30 -->
  <testcase name="test31" time="0.032" classname="liumeining.DemoTest">
    <failure type="org.openqa.selenium.interactions.MoveTargetOutOfBoundsException" message="(607, -181) is out of bounds of viewport width (1536) and height (728)
Build info: version: &amp;apos;3.141.59&amp;apos;, revision: &amp;apos;e82be7d358&amp;apos;, time: &amp;apos;2018-11-14T08:25:53&amp;apos;
System info: host: &amp;apos;DESKTOP-UDJ5PR4&amp;apos;, ip: &amp;apos;169.254.170.10&amp;apos;, os.name: &amp;apos;Windows 10&amp;apos;, os.arch: &amp;apos;amd64&amp;apos;, os.version: &amp;apos;10.0&amp;apos;, java.version: &amp;apos;1.8.0_73&amp;apos;
Driver info: org.openqa.selenium.firefox.FirefoxDriver
Capabilities {acceptInsecureCerts: true, browserName: firefox, browserVersion: 65.0.2, javascriptEnabled: true, moz:accessibilityChecks: false, moz:geckodriverVersion: 0.24.0, moz:headless: false, moz:processID: 17448, moz:profile: C:\Users\dell\AppData\Local..., moz:shutdownTimeout: 60000, moz:useNonSpecCompliantPointerOrigin: false, moz:webdriverClick: true, pageLoadStrategy: normal, platform: WINDOWS, platformName: WINDOWS, platformVersion: 10.0, rotatable: false, setWindowRect: true, strictFileInteractability: false, timeouts: {implicit: 0, pageLoad: 300000, script: 30000}, unhandledPromptBehavior: dismiss and notify}
Session ID: 0fba2fd0-dcd9-4838-a867-34b7fc31d9c9">
      <![CDATA[org.openqa.selenium.interactions.MoveTargetOutOfBoundsException: (607, -181) is out of bounds of viewport width (1536) and height (728)
Build info: version: '3.141.59', revision: 'e82be7d358', time: '2018-11-14T08:25:53'
System info: host: 'DESKTOP-UDJ5PR4', ip: '169.254.170.10', os.name: 'Windows 10', os.arch: 'amd64', os.version: '10.0', java.version: '1.8.0_73'
Driver info: org.openqa.selenium.firefox.FirefoxDriver
Capabilities {acceptInsecureCerts: true, browserName: firefox, browserVersion: 65.0.2, javascriptEnabled: true, moz:accessibilityChecks: false, moz:geckodriverVersion: 0.24.0, moz:headless: false, moz:processID: 17448, moz:profile: C:\Users\dell\AppData\Local..., moz:shutdownTimeout: 60000, moz:useNonSpecCompliantPointerOrigin: false, moz:webdriverClick: true, pageLoadStrategy: normal, platform: WINDOWS, platformName: WINDOWS, platformVersion: 10.0, rotatable: false, setWindowRect: true, strictFileInteractability: false, timeouts: {implicit: 0, pageLoad: 300000, script: 30000}, unhandledPromptBehavior: dismiss and notify}
Session ID: 0fba2fd0-dcd9-4838-a867-34b7fc31d9c9
	at org.openqa.selenium.remote.http.W3CHttpResponseCodec.createException(W3CHttpResponseCodec.java:187)
	at org.openqa.selenium.remote.http.W3CHttpResponseCodec.decode(W3CHttpResponseCodec.java:122)
	at org.openqa.selenium.remote.http.W3CHttpResponseCodec.decode(W3CHttpResponseCodec.java:49)
	at org.openqa.selenium.remote.HttpCommandExecutor.execute(HttpCommandExecutor.java:158)
	at org.openqa.selenium.remote.service.DriverCommandExecutor.execute(DriverCommandExecutor.java:83)
	at org.openqa.selenium.remote.RemoteWebDriver.execute(RemoteWebDriver.java:552)
	at org.openqa.selenium.remote.RemoteWebDriver.perform(RemoteWebDriver.java:618)
	at org.openqa.selenium.interactions.Actions$BuiltAction.perform(Actions.java:639)
	at org.openqa.selenium.interactions.Actions.perform(Actions.java:595)
	at com.webtest.core.WebDriverEngine.mouseoverElement(WebDriverEngine.java:265)
	at liumeining.DemoTest.test31(DemoTest.java:507)
... Removed 28 stack frames]]>
    </failure>
  </testcase> <!-- test31 -->
  <testcase name="test32" time="0.038" classname="liumeining.DemoTest">
    <failure type="org.openqa.selenium.interactions.MoveTargetOutOfBoundsException" message="(607, -181) is out of bounds of viewport width (1536) and height (728)
Build info: version: &amp;apos;3.141.59&amp;apos;, revision: &amp;apos;e82be7d358&amp;apos;, time: &amp;apos;2018-11-14T08:25:53&amp;apos;
System info: host: &amp;apos;DESKTOP-UDJ5PR4&amp;apos;, ip: &amp;apos;169.254.170.10&amp;apos;, os.name: &amp;apos;Windows 10&amp;apos;, os.arch: &amp;apos;amd64&amp;apos;, os.version: &amp;apos;10.0&amp;apos;, java.version: &amp;apos;1.8.0_73&amp;apos;
Driver info: org.openqa.selenium.firefox.FirefoxDriver
Capabilities {acceptInsecureCerts: true, browserName: firefox, browserVersion: 65.0.2, javascriptEnabled: true, moz:accessibilityChecks: false, moz:geckodriverVersion: 0.24.0, moz:headless: false, moz:processID: 17448, moz:profile: C:\Users\dell\AppData\Local..., moz:shutdownTimeout: 60000, moz:useNonSpecCompliantPointerOrigin: false, moz:webdriverClick: true, pageLoadStrategy: normal, platform: WINDOWS, platformName: WINDOWS, platformVersion: 10.0, rotatable: false, setWindowRect: true, strictFileInteractability: false, timeouts: {implicit: 0, pageLoad: 300000, script: 30000}, unhandledPromptBehavior: dismiss and notify}
Session ID: 0fba2fd0-dcd9-4838-a867-34b7fc31d9c9">
      <![CDATA[org.openqa.selenium.interactions.MoveTargetOutOfBoundsException: (607, -181) is out of bounds of viewport width (1536) and height (728)
Build info: version: '3.141.59', revision: 'e82be7d358', time: '2018-11-14T08:25:53'
System info: host: 'DESKTOP-UDJ5PR4', ip: '169.254.170.10', os.name: 'Windows 10', os.arch: 'amd64', os.version: '10.0', java.version: '1.8.0_73'
Driver info: org.openqa.selenium.firefox.FirefoxDriver
Capabilities {acceptInsecureCerts: true, browserName: firefox, browserVersion: 65.0.2, javascriptEnabled: true, moz:accessibilityChecks: false, moz:geckodriverVersion: 0.24.0, moz:headless: false, moz:processID: 17448, moz:profile: C:\Users\dell\AppData\Local..., moz:shutdownTimeout: 60000, moz:useNonSpecCompliantPointerOrigin: false, moz:webdriverClick: true, pageLoadStrategy: normal, platform: WINDOWS, platformName: WINDOWS, platformVersion: 10.0, rotatable: false, setWindowRect: true, strictFileInteractability: false, timeouts: {implicit: 0, pageLoad: 300000, script: 30000}, unhandledPromptBehavior: dismiss and notify}
Session ID: 0fba2fd0-dcd9-4838-a867-34b7fc31d9c9
	at org.openqa.selenium.remote.http.W3CHttpResponseCodec.createException(W3CHttpResponseCodec.java:187)
	at org.openqa.selenium.remote.http.W3CHttpResponseCodec.decode(W3CHttpResponseCodec.java:122)
	at org.openqa.selenium.remote.http.W3CHttpResponseCodec.decode(W3CHttpResponseCodec.java:49)
	at org.openqa.selenium.remote.HttpCommandExecutor.execute(HttpCommandExecutor.java:158)
	at org.openqa.selenium.remote.service.DriverCommandExecutor.execute(DriverCommandExecutor.java:83)
	at org.openqa.selenium.remote.RemoteWebDriver.execute(RemoteWebDriver.java:552)
	at org.openqa.selenium.remote.RemoteWebDriver.perform(RemoteWebDriver.java:618)
	at org.openqa.selenium.interactions.Actions$BuiltAction.perform(Actions.java:639)
	at org.openqa.selenium.interactions.Actions.perform(Actions.java:595)
	at com.webtest.core.WebDriverEngine.mouseoverElement(WebDriverEngine.java:265)
	at liumeining.DemoTest.test32(DemoTest.java:519)
... Removed 28 stack frames]]>
    </failure>
  </testcase> <!-- test32 -->
  <testcase name="test33" time="0.44" classname="liumeining.DemoTest">
    <failure type="org.openqa.selenium.interactions.MoveTargetOutOfBoundsException" message="(712, -181) is out of bounds of viewport width (1536) and height (728)
Build info: version: &amp;apos;3.141.59&amp;apos;, revision: &amp;apos;e82be7d358&amp;apos;, time: &amp;apos;2018-11-14T08:25:53&amp;apos;
System info: host: &amp;apos;DESKTOP-UDJ5PR4&amp;apos;, ip: &amp;apos;169.254.170.10&amp;apos;, os.name: &amp;apos;Windows 10&amp;apos;, os.arch: &amp;apos;amd64&amp;apos;, os.version: &amp;apos;10.0&amp;apos;, java.version: &amp;apos;1.8.0_73&amp;apos;
Driver info: org.openqa.selenium.firefox.FirefoxDriver
Capabilities {acceptInsecureCerts: true, browserName: firefox, browserVersion: 65.0.2, javascriptEnabled: true, moz:accessibilityChecks: false, moz:geckodriverVersion: 0.24.0, moz:headless: false, moz:processID: 17448, moz:profile: C:\Users\dell\AppData\Local..., moz:shutdownTimeout: 60000, moz:useNonSpecCompliantPointerOrigin: false, moz:webdriverClick: true, pageLoadStrategy: normal, platform: WINDOWS, platformName: WINDOWS, platformVersion: 10.0, rotatable: false, setWindowRect: true, strictFileInteractability: false, timeouts: {implicit: 0, pageLoad: 300000, script: 30000}, unhandledPromptBehavior: dismiss and notify}
Session ID: 0fba2fd0-dcd9-4838-a867-34b7fc31d9c9">
      <![CDATA[org.openqa.selenium.interactions.MoveTargetOutOfBoundsException: (712, -181) is out of bounds of viewport width (1536) and height (728)
Build info: version: '3.141.59', revision: 'e82be7d358', time: '2018-11-14T08:25:53'
System info: host: 'DESKTOP-UDJ5PR4', ip: '169.254.170.10', os.name: 'Windows 10', os.arch: 'amd64', os.version: '10.0', java.version: '1.8.0_73'
Driver info: org.openqa.selenium.firefox.FirefoxDriver
Capabilities {acceptInsecureCerts: true, browserName: firefox, browserVersion: 65.0.2, javascriptEnabled: true, moz:accessibilityChecks: false, moz:geckodriverVersion: 0.24.0, moz:headless: false, moz:processID: 17448, moz:profile: C:\Users\dell\AppData\Local..., moz:shutdownTimeout: 60000, moz:useNonSpecCompliantPointerOrigin: false, moz:webdriverClick: true, pageLoadStrategy: normal, platform: WINDOWS, platformName: WINDOWS, platformVersion: 10.0, rotatable: false, setWindowRect: true, strictFileInteractability: false, timeouts: {implicit: 0, pageLoad: 300000, script: 30000}, unhandledPromptBehavior: dismiss and notify}
Session ID: 0fba2fd0-dcd9-4838-a867-34b7fc31d9c9
	at org.openqa.selenium.remote.http.W3CHttpResponseCodec.createException(W3CHttpResponseCodec.java:187)
	at org.openqa.selenium.remote.http.W3CHttpResponseCodec.decode(W3CHttpResponseCodec.java:122)
	at org.openqa.selenium.remote.http.W3CHttpResponseCodec.decode(W3CHttpResponseCodec.java:49)
	at org.openqa.selenium.remote.HttpCommandExecutor.execute(HttpCommandExecutor.java:158)
	at org.openqa.selenium.remote.service.DriverCommandExecutor.execute(DriverCommandExecutor.java:83)
	at org.openqa.selenium.remote.RemoteWebDriver.execute(RemoteWebDriver.java:552)
	at org.openqa.selenium.remote.RemoteWebDriver.perform(RemoteWebDriver.java:618)
	at org.openqa.selenium.interactions.Actions$BuiltAction.perform(Actions.java:639)
	at org.openqa.selenium.interactions.Actions.perform(Actions.java:595)
	at com.webtest.core.WebDriverEngine.mouseoverElement(WebDriverEngine.java:265)
	at liumeining.DemoTest.test33(DemoTest.java:529)
... Removed 28 stack frames]]>
    </failure>
  </testcase> <!-- test33 -->
  <testcase name="test34" time="0.028" classname="liumeining.DemoTest">
    <failure type="org.openqa.selenium.interactions.MoveTargetOutOfBoundsException" message="(712, -181) is out of bounds of viewport width (1536) and height (728)
Build info: version: &amp;apos;3.141.59&amp;apos;, revision: &amp;apos;e82be7d358&amp;apos;, time: &amp;apos;2018-11-14T08:25:53&amp;apos;
System info: host: &amp;apos;DESKTOP-UDJ5PR4&amp;apos;, ip: &amp;apos;169.254.170.10&amp;apos;, os.name: &amp;apos;Windows 10&amp;apos;, os.arch: &amp;apos;amd64&amp;apos;, os.version: &amp;apos;10.0&amp;apos;, java.version: &amp;apos;1.8.0_73&amp;apos;
Driver info: org.openqa.selenium.firefox.FirefoxDriver
Capabilities {acceptInsecureCerts: true, browserName: firefox, browserVersion: 65.0.2, javascriptEnabled: true, moz:accessibilityChecks: false, moz:geckodriverVersion: 0.24.0, moz:headless: false, moz:processID: 17448, moz:profile: C:\Users\dell\AppData\Local..., moz:shutdownTimeout: 60000, moz:useNonSpecCompliantPointerOrigin: false, moz:webdriverClick: true, pageLoadStrategy: normal, platform: WINDOWS, platformName: WINDOWS, platformVersion: 10.0, rotatable: false, setWindowRect: true, strictFileInteractability: false, timeouts: {implicit: 0, pageLoad: 300000, script: 30000}, unhandledPromptBehavior: dismiss and notify}
Session ID: 0fba2fd0-dcd9-4838-a867-34b7fc31d9c9">
      <![CDATA[org.openqa.selenium.interactions.MoveTargetOutOfBoundsException: (712, -181) is out of bounds of viewport width (1536) and height (728)
Build info: version: '3.141.59', revision: 'e82be7d358', time: '2018-11-14T08:25:53'
System info: host: 'DESKTOP-UDJ5PR4', ip: '169.254.170.10', os.name: 'Windows 10', os.arch: 'amd64', os.version: '10.0', java.version: '1.8.0_73'
Driver info: org.openqa.selenium.firefox.FirefoxDriver
Capabilities {acceptInsecureCerts: true, browserName: firefox, browserVersion: 65.0.2, javascriptEnabled: true, moz:accessibilityChecks: false, moz:geckodriverVersion: 0.24.0, moz:headless: false, moz:processID: 17448, moz:profile: C:\Users\dell\AppData\Local..., moz:shutdownTimeout: 60000, moz:useNonSpecCompliantPointerOrigin: false, moz:webdriverClick: true, pageLoadStrategy: normal, platform: WINDOWS, platformName: WINDOWS, platformVersion: 10.0, rotatable: false, setWindowRect: true, strictFileInteractability: false, timeouts: {implicit: 0, pageLoad: 300000, script: 30000}, unhandledPromptBehavior: dismiss and notify}
Session ID: 0fba2fd0-dcd9-4838-a867-34b7fc31d9c9
	at org.openqa.selenium.remote.http.W3CHttpResponseCodec.createException(W3CHttpResponseCodec.java:187)
	at org.openqa.selenium.remote.http.W3CHttpResponseCodec.decode(W3CHttpResponseCodec.java:122)
	at org.openqa.selenium.remote.http.W3CHttpResponseCodec.decode(W3CHttpResponseCodec.java:49)
	at org.openqa.selenium.remote.HttpCommandExecutor.execute(HttpCommandExecutor.java:158)
	at org.openqa.selenium.remote.service.DriverCommandExecutor.execute(DriverCommandExecutor.java:83)
	at org.openqa.selenium.remote.RemoteWebDriver.execute(RemoteWebDriver.java:552)
	at org.openqa.selenium.remote.RemoteWebDriver.perform(RemoteWebDriver.java:618)
	at org.openqa.selenium.interactions.Actions$BuiltAction.perform(Actions.java:639)
	at org.openqa.selenium.interactions.Actions.perform(Actions.java:595)
	at com.webtest.core.WebDriverEngine.mouseoverElement(WebDriverEngine.java:265)
	at liumeining.DemoTest.test34(DemoTest.java:572)
... Removed 28 stack frames]]>
    </failure>
  </testcase> <!-- test34 -->
  <testcase name="test35" time="5.015" classname="liumeining.DemoTest">
    <failure type="org.openqa.selenium.interactions.MoveTargetOutOfBoundsException" message="(712, -181) is out of bounds of viewport width (1536) and height (728)
Build info: version: &amp;apos;3.141.59&amp;apos;, revision: &amp;apos;e82be7d358&amp;apos;, time: &amp;apos;2018-11-14T08:25:53&amp;apos;
System info: host: &amp;apos;DESKTOP-UDJ5PR4&amp;apos;, ip: &amp;apos;169.254.170.10&amp;apos;, os.name: &amp;apos;Windows 10&amp;apos;, os.arch: &amp;apos;amd64&amp;apos;, os.version: &amp;apos;10.0&amp;apos;, java.version: &amp;apos;1.8.0_73&amp;apos;
Driver info: org.openqa.selenium.firefox.FirefoxDriver
Capabilities {acceptInsecureCerts: true, browserName: firefox, browserVersion: 65.0.2, javascriptEnabled: true, moz:accessibilityChecks: false, moz:geckodriverVersion: 0.24.0, moz:headless: false, moz:processID: 17448, moz:profile: C:\Users\dell\AppData\Local..., moz:shutdownTimeout: 60000, moz:useNonSpecCompliantPointerOrigin: false, moz:webdriverClick: true, pageLoadStrategy: normal, platform: WINDOWS, platformName: WINDOWS, platformVersion: 10.0, rotatable: false, setWindowRect: true, strictFileInteractability: false, timeouts: {implicit: 0, pageLoad: 300000, script: 30000}, unhandledPromptBehavior: dismiss and notify}
Session ID: 0fba2fd0-dcd9-4838-a867-34b7fc31d9c9">
      <![CDATA[org.openqa.selenium.interactions.MoveTargetOutOfBoundsException: (712, -181) is out of bounds of viewport width (1536) and height (728)
Build info: version: '3.141.59', revision: 'e82be7d358', time: '2018-11-14T08:25:53'
System info: host: 'DESKTOP-UDJ5PR4', ip: '169.254.170.10', os.name: 'Windows 10', os.arch: 'amd64', os.version: '10.0', java.version: '1.8.0_73'
Driver info: org.openqa.selenium.firefox.FirefoxDriver
Capabilities {acceptInsecureCerts: true, browserName: firefox, browserVersion: 65.0.2, javascriptEnabled: true, moz:accessibilityChecks: false, moz:geckodriverVersion: 0.24.0, moz:headless: false, moz:processID: 17448, moz:profile: C:\Users\dell\AppData\Local..., moz:shutdownTimeout: 60000, moz:useNonSpecCompliantPointerOrigin: false, moz:webdriverClick: true, pageLoadStrategy: normal, platform: WINDOWS, platformName: WINDOWS, platformVersion: 10.0, rotatable: false, setWindowRect: true, strictFileInteractability: false, timeouts: {implicit: 0, pageLoad: 300000, script: 30000}, unhandledPromptBehavior: dismiss and notify}
Session ID: 0fba2fd0-dcd9-4838-a867-34b7fc31d9c9
	at org.openqa.selenium.remote.http.W3CHttpResponseCodec.createException(W3CHttpResponseCodec.java:187)
	at org.openqa.selenium.remote.http.W3CHttpResponseCodec.decode(W3CHttpResponseCodec.java:122)
	at org.openqa.selenium.remote.http.W3CHttpResponseCodec.decode(W3CHttpResponseCodec.java:49)
	at org.openqa.selenium.remote.HttpCommandExecutor.execute(HttpCommandExecutor.java:158)
	at org.openqa.selenium.remote.service.DriverCommandExecutor.execute(DriverCommandExecutor.java:83)
	at org.openqa.selenium.remote.RemoteWebDriver.execute(RemoteWebDriver.java:552)
	at org.openqa.selenium.remote.RemoteWebDriver.perform(RemoteWebDriver.java:618)
	at org.openqa.selenium.interactions.Actions$BuiltAction.perform(Actions.java:639)
	at org.openqa.selenium.interactions.Actions.perform(Actions.java:595)
	at com.webtest.core.WebDriverEngine.mouseoverElement(WebDriverEngine.java:265)
	at liumeining.DemoTest.test35(DemoTest.java:585)
... Removed 28 stack frames]]>
    </failure>
  </testcase> <!-- test35 -->
  <testcase name="test36" time="5.011" classname="liumeining.DemoTest">
    <failure type="org.openqa.selenium.interactions.MoveTargetOutOfBoundsException" message="(712, -181) is out of bounds of viewport width (1536) and height (728)
Build info: version: &amp;apos;3.141.59&amp;apos;, revision: &amp;apos;e82be7d358&amp;apos;, time: &amp;apos;2018-11-14T08:25:53&amp;apos;
System info: host: &amp;apos;DESKTOP-UDJ5PR4&amp;apos;, ip: &amp;apos;169.254.170.10&amp;apos;, os.name: &amp;apos;Windows 10&amp;apos;, os.arch: &amp;apos;amd64&amp;apos;, os.version: &amp;apos;10.0&amp;apos;, java.version: &amp;apos;1.8.0_73&amp;apos;
Driver info: org.openqa.selenium.firefox.FirefoxDriver
Capabilities {acceptInsecureCerts: true, browserName: firefox, browserVersion: 65.0.2, javascriptEnabled: true, moz:accessibilityChecks: false, moz:geckodriverVersion: 0.24.0, moz:headless: false, moz:processID: 17448, moz:profile: C:\Users\dell\AppData\Local..., moz:shutdownTimeout: 60000, moz:useNonSpecCompliantPointerOrigin: false, moz:webdriverClick: true, pageLoadStrategy: normal, platform: WINDOWS, platformName: WINDOWS, platformVersion: 10.0, rotatable: false, setWindowRect: true, strictFileInteractability: false, timeouts: {implicit: 0, pageLoad: 300000, script: 30000}, unhandledPromptBehavior: dismiss and notify}
Session ID: 0fba2fd0-dcd9-4838-a867-34b7fc31d9c9">
      <![CDATA[org.openqa.selenium.interactions.MoveTargetOutOfBoundsException: (712, -181) is out of bounds of viewport width (1536) and height (728)
Build info: version: '3.141.59', revision: 'e82be7d358', time: '2018-11-14T08:25:53'
System info: host: 'DESKTOP-UDJ5PR4', ip: '169.254.170.10', os.name: 'Windows 10', os.arch: 'amd64', os.version: '10.0', java.version: '1.8.0_73'
Driver info: org.openqa.selenium.firefox.FirefoxDriver
Capabilities {acceptInsecureCerts: true, browserName: firefox, browserVersion: 65.0.2, javascriptEnabled: true, moz:accessibilityChecks: false, moz:geckodriverVersion: 0.24.0, moz:headless: false, moz:processID: 17448, moz:profile: C:\Users\dell\AppData\Local..., moz:shutdownTimeout: 60000, moz:useNonSpecCompliantPointerOrigin: false, moz:webdriverClick: true, pageLoadStrategy: normal, platform: WINDOWS, platformName: WINDOWS, platformVersion: 10.0, rotatable: false, setWindowRect: true, strictFileInteractability: false, timeouts: {implicit: 0, pageLoad: 300000, script: 30000}, unhandledPromptBehavior: dismiss and notify}
Session ID: 0fba2fd0-dcd9-4838-a867-34b7fc31d9c9
	at org.openqa.selenium.remote.http.W3CHttpResponseCodec.createException(W3CHttpResponseCodec.java:187)
	at org.openqa.selenium.remote.http.W3CHttpResponseCodec.decode(W3CHttpResponseCodec.java:122)
	at org.openqa.selenium.remote.http.W3CHttpResponseCodec.decode(W3CHttpResponseCodec.java:49)
	at org.openqa.selenium.remote.HttpCommandExecutor.execute(HttpCommandExecutor.java:158)
	at org.openqa.selenium.remote.service.DriverCommandExecutor.execute(DriverCommandExecutor.java:83)
	at org.openqa.selenium.remote.RemoteWebDriver.execute(RemoteWebDriver.java:552)
	at org.openqa.selenium.remote.RemoteWebDriver.perform(RemoteWebDriver.java:618)
	at org.openqa.selenium.interactions.Actions$BuiltAction.perform(Actions.java:639)
	at org.openqa.selenium.interactions.Actions.perform(Actions.java:595)
	at com.webtest.core.WebDriverEngine.mouseoverElement(WebDriverEngine.java:265)
	at liumeining.DemoTest.test36(DemoTest.java:598)
... Removed 27 stack frames]]>
    </failure>
  </testcase> <!-- test36 -->
  <testcase name="test38" time="3.013" classname="liumeining.DemoTest">
    <failure type="org.openqa.selenium.interactions.MoveTargetOutOfBoundsException" message="(712, -181) is out of bounds of viewport width (1536) and height (728)
Build info: version: &amp;apos;3.141.59&amp;apos;, revision: &amp;apos;e82be7d358&amp;apos;, time: &amp;apos;2018-11-14T08:25:53&amp;apos;
System info: host: &amp;apos;DESKTOP-UDJ5PR4&amp;apos;, ip: &amp;apos;169.254.170.10&amp;apos;, os.name: &amp;apos;Windows 10&amp;apos;, os.arch: &amp;apos;amd64&amp;apos;, os.version: &amp;apos;10.0&amp;apos;, java.version: &amp;apos;1.8.0_73&amp;apos;
Driver info: org.openqa.selenium.firefox.FirefoxDriver
Capabilities {acceptInsecureCerts: true, browserName: firefox, browserVersion: 65.0.2, javascriptEnabled: true, moz:accessibilityChecks: false, moz:geckodriverVersion: 0.24.0, moz:headless: false, moz:processID: 17448, moz:profile: C:\Users\dell\AppData\Local..., moz:shutdownTimeout: 60000, moz:useNonSpecCompliantPointerOrigin: false, moz:webdriverClick: true, pageLoadStrategy: normal, platform: WINDOWS, platformName: WINDOWS, platformVersion: 10.0, rotatable: false, setWindowRect: true, strictFileInteractability: false, timeouts: {implicit: 0, pageLoad: 300000, script: 30000}, unhandledPromptBehavior: dismiss and notify}
Session ID: 0fba2fd0-dcd9-4838-a867-34b7fc31d9c9">
      <![CDATA[org.openqa.selenium.interactions.MoveTargetOutOfBoundsException: (712, -181) is out of bounds of viewport width (1536) and height (728)
Build info: version: '3.141.59', revision: 'e82be7d358', time: '2018-11-14T08:25:53'
System info: host: 'DESKTOP-UDJ5PR4', ip: '169.254.170.10', os.name: 'Windows 10', os.arch: 'amd64', os.version: '10.0', java.version: '1.8.0_73'
Driver info: org.openqa.selenium.firefox.FirefoxDriver
Capabilities {acceptInsecureCerts: true, browserName: firefox, browserVersion: 65.0.2, javascriptEnabled: true, moz:accessibilityChecks: false, moz:geckodriverVersion: 0.24.0, moz:headless: false, moz:processID: 17448, moz:profile: C:\Users\dell\AppData\Local..., moz:shutdownTimeout: 60000, moz:useNonSpecCompliantPointerOrigin: false, moz:webdriverClick: true, pageLoadStrategy: normal, platform: WINDOWS, platformName: WINDOWS, platformVersion: 10.0, rotatable: false, setWindowRect: true, strictFileInteractability: false, timeouts: {implicit: 0, pageLoad: 300000, script: 30000}, unhandledPromptBehavior: dismiss and notify}
Session ID: 0fba2fd0-dcd9-4838-a867-34b7fc31d9c9
	at org.openqa.selenium.remote.http.W3CHttpResponseCodec.createException(W3CHttpResponseCodec.java:187)
	at org.openqa.selenium.remote.http.W3CHttpResponseCodec.decode(W3CHttpResponseCodec.java:122)
	at org.openqa.selenium.remote.http.W3CHttpResponseCodec.decode(W3CHttpResponseCodec.java:49)
	at org.openqa.selenium.remote.HttpCommandExecutor.execute(HttpCommandExecutor.java:158)
	at org.openqa.selenium.remote.service.DriverCommandExecutor.execute(DriverCommandExecutor.java:83)
	at org.openqa.selenium.remote.RemoteWebDriver.execute(RemoteWebDriver.java:552)
	at org.openqa.selenium.remote.RemoteWebDriver.perform(RemoteWebDriver.java:618)
	at org.openqa.selenium.interactions.Actions$BuiltAction.perform(Actions.java:639)
	at org.openqa.selenium.interactions.Actions.perform(Actions.java:595)
	at com.webtest.core.WebDriverEngine.mouseoverElement(WebDriverEngine.java:265)
	at liumeining.DemoTest.test38(DemoTest.java:613)
... Removed 27 stack frames]]>
    </failure>
  </testcase> <!-- test38 -->
  <testcase name="test39" time="3.015" classname="liumeining.DemoTest">
    <failure type="org.openqa.selenium.interactions.MoveTargetOutOfBoundsException" message="(712, -181) is out of bounds of viewport width (1536) and height (728)
Build info: version: &amp;apos;3.141.59&amp;apos;, revision: &amp;apos;e82be7d358&amp;apos;, time: &amp;apos;2018-11-14T08:25:53&amp;apos;
System info: host: &amp;apos;DESKTOP-UDJ5PR4&amp;apos;, ip: &amp;apos;169.254.170.10&amp;apos;, os.name: &amp;apos;Windows 10&amp;apos;, os.arch: &amp;apos;amd64&amp;apos;, os.version: &amp;apos;10.0&amp;apos;, java.version: &amp;apos;1.8.0_73&amp;apos;
Driver info: org.openqa.selenium.firefox.FirefoxDriver
Capabilities {acceptInsecureCerts: true, browserName: firefox, browserVersion: 65.0.2, javascriptEnabled: true, moz:accessibilityChecks: false, moz:geckodriverVersion: 0.24.0, moz:headless: false, moz:processID: 17448, moz:profile: C:\Users\dell\AppData\Local..., moz:shutdownTimeout: 60000, moz:useNonSpecCompliantPointerOrigin: false, moz:webdriverClick: true, pageLoadStrategy: normal, platform: WINDOWS, platformName: WINDOWS, platformVersion: 10.0, rotatable: false, setWindowRect: true, strictFileInteractability: false, timeouts: {implicit: 0, pageLoad: 300000, script: 30000}, unhandledPromptBehavior: dismiss and notify}
Session ID: 0fba2fd0-dcd9-4838-a867-34b7fc31d9c9">
      <![CDATA[org.openqa.selenium.interactions.MoveTargetOutOfBoundsException: (712, -181) is out of bounds of viewport width (1536) and height (728)
Build info: version: '3.141.59', revision: 'e82be7d358', time: '2018-11-14T08:25:53'
System info: host: 'DESKTOP-UDJ5PR4', ip: '169.254.170.10', os.name: 'Windows 10', os.arch: 'amd64', os.version: '10.0', java.version: '1.8.0_73'
Driver info: org.openqa.selenium.firefox.FirefoxDriver
Capabilities {acceptInsecureCerts: true, browserName: firefox, browserVersion: 65.0.2, javascriptEnabled: true, moz:accessibilityChecks: false, moz:geckodriverVersion: 0.24.0, moz:headless: false, moz:processID: 17448, moz:profile: C:\Users\dell\AppData\Local..., moz:shutdownTimeout: 60000, moz:useNonSpecCompliantPointerOrigin: false, moz:webdriverClick: true, pageLoadStrategy: normal, platform: WINDOWS, platformName: WINDOWS, platformVersion: 10.0, rotatable: false, setWindowRect: true, strictFileInteractability: false, timeouts: {implicit: 0, pageLoad: 300000, script: 30000}, unhandledPromptBehavior: dismiss and notify}
Session ID: 0fba2fd0-dcd9-4838-a867-34b7fc31d9c9
	at org.openqa.selenium.remote.http.W3CHttpResponseCodec.createException(W3CHttpResponseCodec.java:187)
	at org.openqa.selenium.remote.http.W3CHttpResponseCodec.decode(W3CHttpResponseCodec.java:122)
	at org.openqa.selenium.remote.http.W3CHttpResponseCodec.decode(W3CHttpResponseCodec.java:49)
	at org.openqa.selenium.remote.HttpCommandExecutor.execute(HttpCommandExecutor.java:158)
	at org.openqa.selenium.remote.service.DriverCommandExecutor.execute(DriverCommandExecutor.java:83)
	at org.openqa.selenium.remote.RemoteWebDriver.execute(RemoteWebDriver.java:552)
	at org.openqa.selenium.remote.RemoteWebDriver.perform(RemoteWebDriver.java:618)
	at org.openqa.selenium.interactions.Actions$BuiltAction.perform(Actions.java:639)
	at org.openqa.selenium.interactions.Actions.perform(Actions.java:595)
	at com.webtest.core.WebDriverEngine.mouseoverElement(WebDriverEngine.java:265)
	at liumeining.DemoTest.test39(DemoTest.java:632)
... Removed 27 stack frames]]>
    </failure>
  </testcase> <!-- test39 -->
  <testcase name="test40" time="0.025" classname="liumeining.DemoTest">
    <failure type="org.openqa.selenium.interactions.MoveTargetOutOfBoundsException" message="(712, -181) is out of bounds of viewport width (1536) and height (728)
Build info: version: &amp;apos;3.141.59&amp;apos;, revision: &amp;apos;e82be7d358&amp;apos;, time: &amp;apos;2018-11-14T08:25:53&amp;apos;
System info: host: &amp;apos;DESKTOP-UDJ5PR4&amp;apos;, ip: &amp;apos;169.254.170.10&amp;apos;, os.name: &amp;apos;Windows 10&amp;apos;, os.arch: &amp;apos;amd64&amp;apos;, os.version: &amp;apos;10.0&amp;apos;, java.version: &amp;apos;1.8.0_73&amp;apos;
Driver info: org.openqa.selenium.firefox.FirefoxDriver
Capabilities {acceptInsecureCerts: true, browserName: firefox, browserVersion: 65.0.2, javascriptEnabled: true, moz:accessibilityChecks: false, moz:geckodriverVersion: 0.24.0, moz:headless: false, moz:processID: 17448, moz:profile: C:\Users\dell\AppData\Local..., moz:shutdownTimeout: 60000, moz:useNonSpecCompliantPointerOrigin: false, moz:webdriverClick: true, pageLoadStrategy: normal, platform: WINDOWS, platformName: WINDOWS, platformVersion: 10.0, rotatable: false, setWindowRect: true, strictFileInteractability: false, timeouts: {implicit: 0, pageLoad: 300000, script: 30000}, unhandledPromptBehavior: dismiss and notify}
Session ID: 0fba2fd0-dcd9-4838-a867-34b7fc31d9c9">
      <![CDATA[org.openqa.selenium.interactions.MoveTargetOutOfBoundsException: (712, -181) is out of bounds of viewport width (1536) and height (728)
Build info: version: '3.141.59', revision: 'e82be7d358', time: '2018-11-14T08:25:53'
System info: host: 'DESKTOP-UDJ5PR4', ip: '169.254.170.10', os.name: 'Windows 10', os.arch: 'amd64', os.version: '10.0', java.version: '1.8.0_73'
Driver info: org.openqa.selenium.firefox.FirefoxDriver
Capabilities {acceptInsecureCerts: true, browserName: firefox, browserVersion: 65.0.2, javascriptEnabled: true, moz:accessibilityChecks: false, moz:geckodriverVersion: 0.24.0, moz:headless: false, moz:processID: 17448, moz:profile: C:\Users\dell\AppData\Local..., moz:shutdownTimeout: 60000, moz:useNonSpecCompliantPointerOrigin: false, moz:webdriverClick: true, pageLoadStrategy: normal, platform: WINDOWS, platformName: WINDOWS, platformVersion: 10.0, rotatable: false, setWindowRect: true, strictFileInteractability: false, timeouts: {implicit: 0, pageLoad: 300000, script: 30000}, unhandledPromptBehavior: dismiss and notify}
Session ID: 0fba2fd0-dcd9-4838-a867-34b7fc31d9c9
	at org.openqa.selenium.remote.http.W3CHttpResponseCodec.createException(W3CHttpResponseCodec.java:187)
	at org.openqa.selenium.remote.http.W3CHttpResponseCodec.decode(W3CHttpResponseCodec.java:122)
	at org.openqa.selenium.remote.http.W3CHttpResponseCodec.decode(W3CHttpResponseCodec.java:49)
	at org.openqa.selenium.remote.HttpCommandExecutor.execute(HttpCommandExecutor.java:158)
	at org.openqa.selenium.remote.service.DriverCommandExecutor.execute(DriverCommandExecutor.java:83)
	at org.openqa.selenium.remote.RemoteWebDriver.execute(RemoteWebDriver.java:552)
	at org.openqa.selenium.remote.RemoteWebDriver.perform(RemoteWebDriver.java:618)
	at org.openqa.selenium.interactions.Actions$BuiltAction.perform(Actions.java:639)
	at org.openqa.selenium.interactions.Actions.perform(Actions.java:595)
	at com.webtest.core.WebDriverEngine.mouseoverElement(WebDriverEngine.java:265)
	at liumeining.DemoTest.test40(DemoTest.java:650)
... Removed 27 stack frames]]>
    </failure>
  </testcase> <!-- test40 -->
  <testcase name="test414344" time="0.055" classname="liumeining.DemoTest">
    <failure type="org.openqa.selenium.interactions.MoveTargetOutOfBoundsException" message="(712, -181) is out of bounds of viewport width (1536) and height (728)
Build info: version: &amp;apos;3.141.59&amp;apos;, revision: &amp;apos;e82be7d358&amp;apos;, time: &amp;apos;2018-11-14T08:25:53&amp;apos;
System info: host: &amp;apos;DESKTOP-UDJ5PR4&amp;apos;, ip: &amp;apos;169.254.170.10&amp;apos;, os.name: &amp;apos;Windows 10&amp;apos;, os.arch: &amp;apos;amd64&amp;apos;, os.version: &amp;apos;10.0&amp;apos;, java.version: &amp;apos;1.8.0_73&amp;apos;
Driver info: org.openqa.selenium.firefox.FirefoxDriver
Capabilities {acceptInsecureCerts: true, browserName: firefox, browserVersion: 65.0.2, javascriptEnabled: true, moz:accessibilityChecks: false, moz:geckodriverVersion: 0.24.0, moz:headless: false, moz:processID: 17448, moz:profile: C:\Users\dell\AppData\Local..., moz:shutdownTimeout: 60000, moz:useNonSpecCompliantPointerOrigin: false, moz:webdriverClick: true, pageLoadStrategy: normal, platform: WINDOWS, platformName: WINDOWS, platformVersion: 10.0, rotatable: false, setWindowRect: true, strictFileInteractability: false, timeouts: {implicit: 0, pageLoad: 300000, script: 30000}, unhandledPromptBehavior: dismiss and notify}
Session ID: 0fba2fd0-dcd9-4838-a867-34b7fc31d9c9">
      <![CDATA[org.openqa.selenium.interactions.MoveTargetOutOfBoundsException: (712, -181) is out of bounds of viewport width (1536) and height (728)
Build info: version: '3.141.59', revision: 'e82be7d358', time: '2018-11-14T08:25:53'
System info: host: 'DESKTOP-UDJ5PR4', ip: '169.254.170.10', os.name: 'Windows 10', os.arch: 'amd64', os.version: '10.0', java.version: '1.8.0_73'
Driver info: org.openqa.selenium.firefox.FirefoxDriver
Capabilities {acceptInsecureCerts: true, browserName: firefox, browserVersion: 65.0.2, javascriptEnabled: true, moz:accessibilityChecks: false, moz:geckodriverVersion: 0.24.0, moz:headless: false, moz:processID: 17448, moz:profile: C:\Users\dell\AppData\Local..., moz:shutdownTimeout: 60000, moz:useNonSpecCompliantPointerOrigin: false, moz:webdriverClick: true, pageLoadStrategy: normal, platform: WINDOWS, platformName: WINDOWS, platformVersion: 10.0, rotatable: false, setWindowRect: true, strictFileInteractability: false, timeouts: {implicit: 0, pageLoad: 300000, script: 30000}, unhandledPromptBehavior: dismiss and notify}
Session ID: 0fba2fd0-dcd9-4838-a867-34b7fc31d9c9
	at org.openqa.selenium.remote.http.W3CHttpResponseCodec.createException(W3CHttpResponseCodec.java:187)
	at org.openqa.selenium.remote.http.W3CHttpResponseCodec.decode(W3CHttpResponseCodec.java:122)
	at org.openqa.selenium.remote.http.W3CHttpResponseCodec.decode(W3CHttpResponseCodec.java:49)
	at org.openqa.selenium.remote.HttpCommandExecutor.execute(HttpCommandExecutor.java:158)
	at org.openqa.selenium.remote.service.DriverCommandExecutor.execute(DriverCommandExecutor.java:83)
	at org.openqa.selenium.remote.RemoteWebDriver.execute(RemoteWebDriver.java:552)
	at org.openqa.selenium.remote.RemoteWebDriver.perform(RemoteWebDriver.java:618)
	at org.openqa.selenium.interactions.Actions$BuiltAction.perform(Actions.java:639)
	at org.openqa.selenium.interactions.Actions.perform(Actions.java:595)
	at com.webtest.core.WebDriverEngine.mouseoverElement(WebDriverEngine.java:265)
	at liumeining.DemoTest.test414344(DemoTest.java:667)
... Removed 27 stack frames]]>
    </failure>
  </testcase> <!-- test414344 -->
  <testcase name="test414344" time="0.018" classname="liumeining.DemoTest">
    <failure type="org.openqa.selenium.interactions.MoveTargetOutOfBoundsException" message="(712, -181) is out of bounds of viewport width (1536) and height (728)
Build info: version: &amp;apos;3.141.59&amp;apos;, revision: &amp;apos;e82be7d358&amp;apos;, time: &amp;apos;2018-11-14T08:25:53&amp;apos;
System info: host: &amp;apos;DESKTOP-UDJ5PR4&amp;apos;, ip: &amp;apos;169.254.170.10&amp;apos;, os.name: &amp;apos;Windows 10&amp;apos;, os.arch: &amp;apos;amd64&amp;apos;, os.version: &amp;apos;10.0&amp;apos;, java.version: &amp;apos;1.8.0_73&amp;apos;
Driver info: org.openqa.selenium.firefox.FirefoxDriver
Capabilities {acceptInsecureCerts: true, browserName: firefox, browserVersion: 65.0.2, javascriptEnabled: true, moz:accessibilityChecks: false, moz:geckodriverVersion: 0.24.0, moz:headless: false, moz:processID: 17448, moz:profile: C:\Users\dell\AppData\Local..., moz:shutdownTimeout: 60000, moz:useNonSpecCompliantPointerOrigin: false, moz:webdriverClick: true, pageLoadStrategy: normal, platform: WINDOWS, platformName: WINDOWS, platformVersion: 10.0, rotatable: false, setWindowRect: true, strictFileInteractability: false, timeouts: {implicit: 0, pageLoad: 300000, script: 30000}, unhandledPromptBehavior: dismiss and notify}
Session ID: 0fba2fd0-dcd9-4838-a867-34b7fc31d9c9">
      <![CDATA[org.openqa.selenium.interactions.MoveTargetOutOfBoundsException: (712, -181) is out of bounds of viewport width (1536) and height (728)
Build info: version: '3.141.59', revision: 'e82be7d358', time: '2018-11-14T08:25:53'
System info: host: 'DESKTOP-UDJ5PR4', ip: '169.254.170.10', os.name: 'Windows 10', os.arch: 'amd64', os.version: '10.0', java.version: '1.8.0_73'
Driver info: org.openqa.selenium.firefox.FirefoxDriver
Capabilities {acceptInsecureCerts: true, browserName: firefox, browserVersion: 65.0.2, javascriptEnabled: true, moz:accessibilityChecks: false, moz:geckodriverVersion: 0.24.0, moz:headless: false, moz:processID: 17448, moz:profile: C:\Users\dell\AppData\Local..., moz:shutdownTimeout: 60000, moz:useNonSpecCompliantPointerOrigin: false, moz:webdriverClick: true, pageLoadStrategy: normal, platform: WINDOWS, platformName: WINDOWS, platformVersion: 10.0, rotatable: false, setWindowRect: true, strictFileInteractability: false, timeouts: {implicit: 0, pageLoad: 300000, script: 30000}, unhandledPromptBehavior: dismiss and notify}
Session ID: 0fba2fd0-dcd9-4838-a867-34b7fc31d9c9
	at org.openqa.selenium.remote.http.W3CHttpResponseCodec.createException(W3CHttpResponseCodec.java:187)
	at org.openqa.selenium.remote.http.W3CHttpResponseCodec.decode(W3CHttpResponseCodec.java:122)
	at org.openqa.selenium.remote.http.W3CHttpResponseCodec.decode(W3CHttpResponseCodec.java:49)
	at org.openqa.selenium.remote.HttpCommandExecutor.execute(HttpCommandExecutor.java:158)
	at org.openqa.selenium.remote.service.DriverCommandExecutor.execute(DriverCommandExecutor.java:83)
	at org.openqa.selenium.remote.RemoteWebDriver.execute(RemoteWebDriver.java:552)
	at org.openqa.selenium.remote.RemoteWebDriver.perform(RemoteWebDriver.java:618)
	at org.openqa.selenium.interactions.Actions$BuiltAction.perform(Actions.java:639)
	at org.openqa.selenium.interactions.Actions.perform(Actions.java:595)
	at com.webtest.core.WebDriverEngine.mouseoverElement(WebDriverEngine.java:265)
	at liumeining.DemoTest.test414344(DemoTest.java:667)
... Removed 27 stack frames]]>
    </failure>
  </testcase> <!-- test414344 -->
  <testcase name="test414344" time="0.041" classname="liumeining.DemoTest">
    <failure type="org.openqa.selenium.interactions.MoveTargetOutOfBoundsException" message="(712, -181) is out of bounds of viewport width (1536) and height (728)
Build info: version: &amp;apos;3.141.59&amp;apos;, revision: &amp;apos;e82be7d358&amp;apos;, time: &amp;apos;2018-11-14T08:25:53&amp;apos;
System info: host: &amp;apos;DESKTOP-UDJ5PR4&amp;apos;, ip: &amp;apos;169.254.170.10&amp;apos;, os.name: &amp;apos;Windows 10&amp;apos;, os.arch: &amp;apos;amd64&amp;apos;, os.version: &amp;apos;10.0&amp;apos;, java.version: &amp;apos;1.8.0_73&amp;apos;
Driver info: org.openqa.selenium.firefox.FirefoxDriver
Capabilities {acceptInsecureCerts: true, browserName: firefox, browserVersion: 65.0.2, javascriptEnabled: true, moz:accessibilityChecks: false, moz:geckodriverVersion: 0.24.0, moz:headless: false, moz:processID: 17448, moz:profile: C:\Users\dell\AppData\Local..., moz:shutdownTimeout: 60000, moz:useNonSpecCompliantPointerOrigin: false, moz:webdriverClick: true, pageLoadStrategy: normal, platform: WINDOWS, platformName: WINDOWS, platformVersion: 10.0, rotatable: false, setWindowRect: true, strictFileInteractability: false, timeouts: {implicit: 0, pageLoad: 300000, script: 30000}, unhandledPromptBehavior: dismiss and notify}
Session ID: 0fba2fd0-dcd9-4838-a867-34b7fc31d9c9">
      <![CDATA[org.openqa.selenium.interactions.MoveTargetOutOfBoundsException: (712, -181) is out of bounds of viewport width (1536) and height (728)
Build info: version: '3.141.59', revision: 'e82be7d358', time: '2018-11-14T08:25:53'
System info: host: 'DESKTOP-UDJ5PR4', ip: '169.254.170.10', os.name: 'Windows 10', os.arch: 'amd64', os.version: '10.0', java.version: '1.8.0_73'
Driver info: org.openqa.selenium.firefox.FirefoxDriver
Capabilities {acceptInsecureCerts: true, browserName: firefox, browserVersion: 65.0.2, javascriptEnabled: true, moz:accessibilityChecks: false, moz:geckodriverVersion: 0.24.0, moz:headless: false, moz:processID: 17448, moz:profile: C:\Users\dell\AppData\Local..., moz:shutdownTimeout: 60000, moz:useNonSpecCompliantPointerOrigin: false, moz:webdriverClick: true, pageLoadStrategy: normal, platform: WINDOWS, platformName: WINDOWS, platformVersion: 10.0, rotatable: false, setWindowRect: true, strictFileInteractability: false, timeouts: {implicit: 0, pageLoad: 300000, script: 30000}, unhandledPromptBehavior: dismiss and notify}
Session ID: 0fba2fd0-dcd9-4838-a867-34b7fc31d9c9
	at org.openqa.selenium.remote.http.W3CHttpResponseCodec.createException(W3CHttpResponseCodec.java:187)
	at org.openqa.selenium.remote.http.W3CHttpResponseCodec.decode(W3CHttpResponseCodec.java:122)
	at org.openqa.selenium.remote.http.W3CHttpResponseCodec.decode(W3CHttpResponseCodec.java:49)
	at org.openqa.selenium.remote.HttpCommandExecutor.execute(HttpCommandExecutor.java:158)
	at org.openqa.selenium.remote.service.DriverCommandExecutor.execute(DriverCommandExecutor.java:83)
	at org.openqa.selenium.remote.RemoteWebDriver.execute(RemoteWebDriver.java:552)
	at org.openqa.selenium.remote.RemoteWebDriver.perform(RemoteWebDriver.java:618)
	at org.openqa.selenium.interactions.Actions$BuiltAction.perform(Actions.java:639)
	at org.openqa.selenium.interactions.Actions.perform(Actions.java:595)
	at com.webtest.core.WebDriverEngine.mouseoverElement(WebDriverEngine.java:265)
	at liumeining.DemoTest.test414344(DemoTest.java:667)
... Removed 27 stack frames]]>
    </failure>
  </testcase> <!-- test414344 -->
  <testcase name="test45" time="21.139" classname="liumeining.DemoTest"/>
  <testcase name="test46474849505152" time="14.029" classname="liumeining.DemoTest"/>
  <testcase name="test46474849505152" time="10.161" classname="liumeining.DemoTest"/>
  <testcase name="test46474849505152" time="10.012" classname="liumeining.DemoTest"/>
  <testcase name="test46474849505152" time="10.125" classname="liumeining.DemoTest"/>
  <testcase name="test46474849505152" time="10.2" classname="liumeining.DemoTest"/>
  <testcase name="test46474849505152" time="10.043" classname="liumeining.DemoTest"/>
  <testcase name="test46474849505152" time="10.184" classname="liumeining.DemoTest"/>
  <testcase name="test53" time="13.733" classname="liumeining.DemoTest"/>
  <testcase name="test54" time="13.686" classname="liumeining.DemoTest"/>
  <testcase name="test55" time="13.532" classname="liumeining.DemoTest"/>
  <testcase name="test56" time="13.457" classname="liumeining.DemoTest"/>
  <testcase name="test57" time="13.624" classname="liumeining.DemoTest"/>
  <testcase name="test42" time="9.331" classname="liumeining.DemoTest"/>
</testsuite> <!-- test -->
