<?xml version="1.0" encoding="UTF-8"?>
<!-- Generated by org.testng.reporters.JUnitReportReporter -->
<testsuite hostname="DESKTOP-UDJ5PR4" name="fengrao.Demo2" tests="18" failures="1" timestamp="12 Dec 2019 08:41:01 GMT" time="425.732" errors="0">
  <testcase name="test1" time="16.925" classname="fengrao.Demo2"/>
  <testcase name="test51" time="22.339" classname="fengrao.Demo2"/>
  <testcase name="test8" time="23.834" classname="fengrao.Demo2"/>
  <testcase name="test5" time="24.406" classname="fengrao.Demo2"/>
  <testcase name="test5" time="24.232" classname="fengrao.Demo2">
    <failure type="java.lang.AssertionError" message="expected [true] but found [false]">
      <![CDATA[java.lang.AssertionError: expected [true] but found [false]
	at org.testng.Assert.fail(Assert.java:94)
	at org.testng.Assert.failNotEquals(Assert.java:513)
	at org.testng.Assert.assertTrue(Assert.java:42)
	at org.testng.Assert.assertTrue(Assert.java:52)
	at fengrao.Demo2.test5(Demo2.java:111)
	at sun.reflect.NativeMethodAccessorImpl.invoke0(Native Method)
	at sun.reflect.NativeMethodAccessorImpl.invoke(NativeMethodAccessorImpl.java:62)
	at sun.reflect.DelegatingMethodAccessorImpl.invoke(DelegatingMethodAccessorImpl.java:43)
	at java.lang.reflect.Method.invoke(Method.java:497)
	at org.testng.internal.MethodInvocationHelper.invokeMethod(MethodInvocationHelper.java:86)
	at org.testng.internal.Invoker.invokeMethod(Invoker.java:645)
	at org.testng.internal.Invoker.invokeTestMethod(Invoker.java:822)
	at org.testng.internal.Invoker.invokeTestMethods(Invoker.java:1130)
	at org.testng.internal.TestMethodWorker.invokeTestMethods(TestMethodWorker.java:129)
	at org.testng.internal.TestMethodWorker.run(TestMethodWorker.java:112)
	at org.testng.TestRunner.privateRun(TestRunner.java:782)
	at org.testng.TestRunner.run(TestRunner.java:632)
	at org.testng.SuiteRunner.runTest(SuiteRunner.java:366)
	at org.testng.SuiteRunner.runSequentially(SuiteRunner.java:361)
	at org.testng.SuiteRunner.privateRun(SuiteRunner.java:319)
	at org.testng.SuiteRunner.run(SuiteRunner.java:268)
	at org.testng.SuiteRunnerWorker.runSuite(SuiteRunnerWorker.java:52)
	at org.testng.SuiteRunnerWorker.run(SuiteRunnerWorker.java:86)
	at org.testng.TestNG.runSuitesSequentially(TestNG.java:1244)
	at org.testng.TestNG.runSuitesLocally(TestNG.java:1169)
	at org.testng.TestNG.run(TestNG.java:1064)
	at org.testng.remote.RemoteTestNG.run(RemoteTestNG.java:113)
	at org.testng.remote.RemoteTestNG.initAndRun(RemoteTestNG.java:206)
	at org.testng.remote.RemoteTestNG.main(RemoteTestNG.java:177)
]]>
    </failure>
  </testcase> <!-- test5 -->
  <testcase name="test3" time="25.568" classname="fengrao.Demo2"/>
  <testcase name="test3" time="25.635" classname="fengrao.Demo2"/>
  <testcase name="test9" time="20.303" classname="fengrao.Demo2"/>
  <testcase name="test5" time="24.260" classname="fengrao.Demo2"/>
  <testcase name="test52" time="20.950" classname="fengrao.Demo2"/>
  <testcase name="test3" time="25.631" classname="fengrao.Demo2"/>
  <testcase name="test5" time="24.074" classname="fengrao.Demo2"/>
  <testcase name="test2" time="16.982" classname="fengrao.Demo2"/>
  <testcase name="test4" time="34.305" classname="fengrao.Demo2"/>
  <testcase name="test3" time="25.702" classname="fengrao.Demo2"/>
  <testcase name="test5" time="24.503" classname="fengrao.Demo2"/>
  <testcase name="test7" time="20.426" classname="fengrao.Demo2"/>
  <testcase name="test3" time="25.657" classname="fengrao.Demo2"/>
</testsuite> <!-- fengrao.Demo2 -->
