<?xml version="1.0" encoding="UTF-8"?>
<!-- Generated by org.testng.reporters.JUnitReportReporter -->
<testsuite hostname="DESKTOP-UDJ5PR4" name="zhaoruoxi.Demo" tests="39" failures="1" timestamp="12 Dec 2019 08:41:01 GMT" time="757.115" errors="1">
  <testcase name="ChangeSignature" time="20.474" classname="zhaoruoxi.Demo"/>
  <testcase name="Search" time="10.610" classname="zhaoruoxi.Demo"/>
  <testcase name="Comment" time="18.666" classname="zhaoruoxi.Demo"/>
  <testcase name="PublishTopic" time="25.706" classname="zhaoruoxi.Demo"/>
  <testcase name="Comment" time="18.724" classname="zhaoruoxi.Demo"/>
  <testcase name="PublishTopic" time="26.290" classname="zhaoruoxi.Demo"/>
  <testcase name="ChangeSignature" time="20.765" classname="zhaoruoxi.Demo"/>
  <testcase name="Search" time="11.095" classname="zhaoruoxi.Demo"/>
  <testcase name="Comment" time="18.887" classname="zhaoruoxi.Demo"/>
  <testcase name="ChangeSignature" time="20.658" classname="zhaoruoxi.Demo"/>
  <testcase name="ChangeSignature" time="20.561" classname="zhaoruoxi.Demo"/>
  <testcase name="PublishTopic" time="26.075" classname="zhaoruoxi.Demo"/>
  <testcase name="PublishTopic" time="25.751" classname="zhaoruoxi.Demo"/>
  <testcase name="ChangeSignature" time="20.596" classname="zhaoruoxi.Demo"/>
  <testcase name="Search" time="10.680" classname="zhaoruoxi.Demo">
    <error type="org.openqa.selenium.JavascriptException" message="TypeError: document.documentElement is null
Build info: version: &#039;3.141.59&#039;, revision: &#039;e82be7d358&#039;, time: &#039;2018-11-14T08:25:53&#039;
System info: host: &#039;DESKTOP-UDJ5PR4&#039;, ip: &#039;169.254.170.10&#039;, os.name: &#039;Windows 10&#039;, os.arch: &#039;amd64&#039;, os.version: &#039;10.0&#039;, java.version: &#039;1.8.0_73&#039;
Driver info: org.openqa.selenium.firefox.FirefoxDriver
Capabilities {acceptInsecureCerts: true, browserName: firefox, browserVersion: 65.0.2, javascriptEnabled: true, moz:accessibilityChecks: false, moz:geckodriverVersion: 0.24.0, moz:headless: false, moz:processID: 7252, moz:profile: C:\Users\dell\AppData\Local..., moz:shutdownTimeout: 60000, moz:useNonSpecCompliantPointerOrigin: false, moz:webdriverClick: true, pageLoadStrategy: normal, platform: WINDOWS, platformName: WINDOWS, platformVersion: 10.0, rotatable: false, setWindowRect: true, strictFileInteractability: false, timeouts: {implicit: 0, pageLoad: 300000, script: 30000}, unhandledPromptBehavior: dismiss and notify}
Session ID: 9e565dc7-5924-40dc-9b9b-c37bfaa68996">
      <![CDATA[org.openqa.selenium.JavascriptException: TypeError: document.documentElement is null
Build info: version: '3.141.59', revision: 'e82be7d358', time: '2018-11-14T08:25:53'
System info: host: 'DESKTOP-UDJ5PR4', ip: '169.254.170.10', os.name: 'Windows 10', os.arch: 'amd64', os.version: '10.0', java.version: '1.8.0_73'
Driver info: org.openqa.selenium.firefox.FirefoxDriver
Capabilities {acceptInsecureCerts: true, browserName: firefox, browserVersion: 65.0.2, javascriptEnabled: true, moz:accessibilityChecks: false, moz:geckodriverVersion: 0.24.0, moz:headless: false, moz:processID: 7252, moz:profile: C:\Users\dell\AppData\Local..., moz:shutdownTimeout: 60000, moz:useNonSpecCompliantPointerOrigin: false, moz:webdriverClick: true, pageLoadStrategy: normal, platform: WINDOWS, platformName: WINDOWS, platformVersion: 10.0, rotatable: false, setWindowRect: true, strictFileInteractability: false, timeouts: {implicit: 0, pageLoad: 300000, script: 30000}, unhandledPromptBehavior: dismiss and notify}
Session ID: 9e565dc7-5924-40dc-9b9b-c37bfaa68996
	at sun.reflect.NativeConstructorAccessorImpl.newInstance0(Native Method)
	at sun.reflect.NativeConstructorAccessorImpl.newInstance(NativeConstructorAccessorImpl.java:62)
	at sun.reflect.DelegatingConstructorAccessorImpl.newInstance(DelegatingConstructorAccessorImpl.java:45)
	at java.lang.reflect.Constructor.newInstance(Constructor.java:422)
	at org.openqa.selenium.remote.http.W3CHttpResponseCodec.createException(W3CHttpResponseCodec.java:187)
	at org.openqa.selenium.remote.http.W3CHttpResponseCodec.decode(W3CHttpResponseCodec.java:122)
	at org.openqa.selenium.remote.http.W3CHttpResponseCodec.decode(W3CHttpResponseCodec.java:49)
	at org.openqa.selenium.remote.HttpCommandExecutor.execute(HttpCommandExecutor.java:158)
	at org.openqa.selenium.remote.service.DriverCommandExecutor.execute(DriverCommandExecutor.java:83)
	at org.openqa.selenium.remote.RemoteWebDriver.execute(RemoteWebDriver.java:552)
	at org.openqa.selenium.remote.RemoteWebDriver.execute(RemoteWebDriver.java:609)
	at org.openqa.selenium.remote.RemoteWebDriver.getPageSource(RemoteWebDriver.java:438)
	at com.webtest.core.WebDriverEngine.isTextPresent(WebDriverEngine.java:107)
	at zhaoruoxi.Demo.Search(Demo.java:113)
	at sun.reflect.NativeMethodAccessorImpl.invoke0(Native Method)
	at sun.reflect.NativeMethodAccessorImpl.invoke(NativeMethodAccessorImpl.java:62)
	at sun.reflect.DelegatingMethodAccessorImpl.invoke(DelegatingMethodAccessorImpl.java:43)
	at java.lang.reflect.Method.invoke(Method.java:497)
	at org.testng.internal.MethodInvocationHelper.invokeMethod(MethodInvocationHelper.java:86)
	at org.testng.internal.Invoker.invokeMethod(Invoker.java:645)
	at org.testng.internal.Invoker.invokeTestMethod(Invoker.java:822)
	at org.testng.internal.Invoker.invokeTestMethods(Invoker.java:1130)
	at org.testng.internal.TestMethodWorker.invokeTestMethods(TestMethodWorker.java:129)
	at org.testng.internal.TestMethodWorker.run(TestMethodWorker.java:112)
	at org.testng.TestRunner.privateRun(TestRunner.java:782)
	at org.testng.TestRunner.run(TestRunner.java:632)
	at org.testng.SuiteRunner.runTest(SuiteRunner.java:366)
	at org.testng.SuiteRunner.runSequentially(SuiteRunner.java:361)
	at org.testng.SuiteRunner.privateRun(SuiteRunner.java:319)
	at org.testng.SuiteRunner.run(SuiteRunner.java:268)
	at org.testng.SuiteRunnerWorker.runSuite(SuiteRunnerWorker.java:52)
	at org.testng.SuiteRunnerWorker.run(SuiteRunnerWorker.java:86)
	at org.testng.TestNG.runSuitesSequentially(TestNG.java:1244)
	at org.testng.TestNG.runSuitesLocally(TestNG.java:1169)
	at org.testng.TestNG.run(TestNG.java:1064)
	at org.testng.remote.RemoteTestNG.run(RemoteTestNG.java:113)
	at org.testng.remote.RemoteTestNG.initAndRun(RemoteTestNG.java:206)
	at org.testng.remote.RemoteTestNG.main(RemoteTestNG.java:177)
]]>
    </error>
  </testcase> <!-- Search -->
  <testcase name="ChangeSignature" time="20.408" classname="zhaoruoxi.Demo"/>
  <testcase name="Comment" time="18.261" classname="zhaoruoxi.Demo"/>
  <testcase name="Search" time="10.487" classname="zhaoruoxi.Demo"/>
  <testcase name="ChangeSignature" time="20.622" classname="zhaoruoxi.Demo"/>
  <testcase name="ChangeSignature" time="22.648" classname="zhaoruoxi.Demo"/>
  <testcase name="Comment" time="18.662" classname="zhaoruoxi.Demo"/>
  <testcase name="PublishTopic" time="25.581" classname="zhaoruoxi.Demo"/>
  <testcase name="PublishTopic" time="25.678" classname="zhaoruoxi.Demo"/>
  <testcase name="PublishTopic" time="25.829" classname="zhaoruoxi.Demo"/>
  <testcase name="ChangeSignature" time="20.555" classname="zhaoruoxi.Demo"/>
  <testcase name="Comment" time="18.749" classname="zhaoruoxi.Demo"/>
  <testcase name="Comment" time="19.592" classname="zhaoruoxi.Demo"/>
  <testcase name="Search" time="10.476" classname="zhaoruoxi.Demo"/>
  <testcase name="PublishTopic" time="25.935" classname="zhaoruoxi.Demo"/>
  <testcase name="PublishTopic" time="25.793" classname="zhaoruoxi.Demo"/>
  <testcase name="Search" time="10.563" classname="zhaoruoxi.Demo"/>
  <testcase name="Comment" time="18.544" classname="zhaoruoxi.Demo"/>
  <testcase name="ChangeSignature" time="20.680" classname="zhaoruoxi.Demo"/>
  <testcase name="Comment" time="18.485" classname="zhaoruoxi.Demo"/>
  <testcase name="PublishTopic" time="26.227" classname="zhaoruoxi.Demo"/>
  <testcase name="Search" time="10.511" classname="zhaoruoxi.Demo"/>
  <testcase name="PublishTopic" time="25.456" classname="zhaoruoxi.Demo"/>
  <testcase name="Comment" time="18.548" classname="zhaoruoxi.Demo">
    <failure type="java.lang.AssertionError" message="expected [true] but found [false]">
      <![CDATA[java.lang.AssertionError: expected [true] but found [false]
	at org.testng.Assert.fail(Assert.java:94)
	at org.testng.Assert.failNotEquals(Assert.java:513)
	at org.testng.Assert.assertTrue(Assert.java:42)
	at org.testng.Assert.assertTrue(Assert.java:52)
	at zhaoruoxi.Demo.Comment(Demo.java:67)
	at sun.reflect.NativeMethodAccessorImpl.invoke0(Native Method)
	at sun.reflect.NativeMethodAccessorImpl.invoke(NativeMethodAccessorImpl.java:62)
	at sun.reflect.DelegatingMethodAccessorImpl.invoke(DelegatingMethodAccessorImpl.java:43)
	at java.lang.reflect.Method.invoke(Method.java:497)
	at org.testng.internal.MethodInvocationHelper.invokeMethod(MethodInvocationHelper.java:86)
	at org.testng.internal.Invoker.invokeMethod(Invoker.java:645)
	at org.testng.internal.Invoker.invokeTestMethod(Invoker.java:822)
	at org.testng.internal.Invoker.invokeTestMethods(Invoker.java:1130)
	at org.testng.internal.TestMethodWorker.invokeTestMethods(TestMethodWorker.java:129)
	at org.testng.internal.TestMethodWorker.run(TestMethodWorker.java:112)
	at org.testng.TestRunner.privateRun(TestRunner.java:782)
	at org.testng.TestRunner.run(TestRunner.java:632)
	at org.testng.SuiteRunner.runTest(SuiteRunner.java:366)
	at org.testng.SuiteRunner.runSequentially(SuiteRunner.java:361)
	at org.testng.SuiteRunner.privateRun(SuiteRunner.java:319)
	at org.testng.SuiteRunner.run(SuiteRunner.java:268)
	at org.testng.SuiteRunnerWorker.runSuite(SuiteRunnerWorker.java:52)
	at org.testng.SuiteRunnerWorker.run(SuiteRunnerWorker.java:86)
	at org.testng.TestNG.runSuitesSequentially(TestNG.java:1244)
	at org.testng.TestNG.runSuitesLocally(TestNG.java:1169)
	at org.testng.TestNG.run(TestNG.java:1064)
	at org.testng.remote.RemoteTestNG.run(RemoteTestNG.java:113)
	at org.testng.remote.RemoteTestNG.initAndRun(RemoteTestNG.java:206)
	at org.testng.remote.RemoteTestNG.main(RemoteTestNG.java:177)
]]>
    </failure>
  </testcase> <!-- Comment -->
  <testcase name="Search" time="3.287" classname="zhaoruoxi.Demo"/>
</testsuite> <!-- zhaoruoxi.Demo -->
